2026-04-11 16:58:12 [scrapy.addons] INFO: Enabled addons:
[]
2026-04-11 16:58:12 [py.warnings] WARNING: F:\25\Vision\Anaconda3\Lib\site-packages\scrapy\utils\request.py:254: ScrapyDeprecationWarning: '2.6' is a deprecated value for the 'REQUEST_FINGERPRINTER_IMPLEMENTATION' setting.

It is also the default value. In other words, it is normal to get this warning if you have not defined a value for the 'REQUEST_FINGERPRINTER_IMPLEMENTATION' setting. This is so for backward compatibility reasons, but it will change in a future version of Scrapy.

See the documentation of the 'REQUEST_FINGERPRINTER_IMPLEMENTATION' setting for information on how to handle this deprecation.
  return cls(crawler)

2026-04-11 16:58:12 [scrapy.extensions.telnet] INFO: Telnet Password: 7a64fb9d2a635458
2026-04-11 16:58:12 [scrapy.middleware] INFO: Enabled extensions:
['scrapy.extensions.corestats.CoreStats',
 'scrapy.extensions.telnet.TelnetConsole',
 'scrapy.extensions.logstats.LogStats',
 'scrapy.extensions.throttle.AutoThrottle']
2026-04-11 16:58:12 [scrapy.crawler] INFO: Overridden settings:
{'AUTOTHROTTLE_ENABLED': True,
 'BOT_NAME': 'sinaSpider',
 'COOKIES_ENABLED': False,
 'LOG_FILE': 'sina_spider.log',
 'LOG_LEVEL': 'INFO',
 'NEWSPIDER_MODULE': 'sinaSpider.spiders',
 'SPIDER_MODULES': ['sinaSpider.spiders']}
2026-04-11 16:58:12 [scrapy.middleware] INFO: Enabled downloader middlewares:
['scrapy.downloadermiddlewares.httpauth.HttpAuthMiddleware',
 'scrapy.downloadermiddlewares.downloadtimeout.DownloadTimeoutMiddleware',
 'scrapy.downloadermiddlewares.defaultheaders.DefaultHeadersMiddleware',
 'scrapy.downloadermiddlewares.useragent.UserAgentMiddleware',
 'scrapy.downloadermiddlewares.retry.RetryMiddleware',
 'scrapy.downloadermiddlewares.redirect.MetaRefreshMiddleware',
 'scrapy.downloadermiddlewares.httpcompression.HttpCompressionMiddleware',
 'scrapy.downloadermiddlewares.redirect.RedirectMiddleware',
 'scrapy.downloadermiddlewares.httpproxy.HttpProxyMiddleware',
 'scrapy.downloadermiddlewares.stats.DownloaderStats']
2026-04-11 16:58:12 [scrapy.middleware] INFO: Enabled spider middlewares:
['scrapy.spidermiddlewares.httperror.HttpErrorMiddleware',
 'scrapy.spidermiddlewares.offsite.OffsiteMiddleware',
 'scrapy.spidermiddlewares.referer.RefererMiddleware',
 'scrapy.spidermiddlewares.urllength.UrlLengthMiddleware',
 'scrapy.spidermiddlewares.depth.DepthMiddleware']
2026-04-11 16:58:12 [scrapy.middleware] INFO: Enabled item pipelines:
['sinaSpider.pipelines.SaveItems']
2026-04-11 16:58:12 [scrapy.core.engine] INFO: Spider opened
2026-04-11 16:58:12 [scrapy.extensions.logstats] INFO: Crawled 0 pages (at 0 pages/min), scraped 0 items (at 0 items/min)
2026-04-11 16:58:12 [scrapy.extensions.telnet] INFO: Telnet console listening on 127.0.0.1:6023
2026-04-11 16:58:43 [scrapy.core.scraper] ERROR: Spider error processing <GET https://feed.mix.sina.com.cn/api/roll/get?pageid=153&num=30&lid=2510&page=1> (referer: None)
Traceback (most recent call last):
  File "F:\25\Vision\Anaconda3\Lib\site-packages\scrapy\utils\defer.py", line 279, in iter_errback
    yield next(it)
          ^^^^^^^^
  File "F:\25\Vision\Anaconda3\Lib\site-packages\scrapy\utils\python.py", line 350, in __next__
    return next(self.data)
           ^^^^^^^^^^^^^^^
  File "F:\25\Vision\Anaconda3\Lib\site-packages\scrapy\utils\python.py", line 350, in __next__
    return next(self.data)
           ^^^^^^^^^^^^^^^
  File "F:\25\Vision\Anaconda3\Lib\site-packages\scrapy\core\spidermw.py", line 106, in process_sync
    for r in iterable:
  File "F:\25\Vision\Anaconda3\Lib\site-packages\scrapy\spidermiddlewares\offsite.py", line 28, in <genexpr>
    return (r for r in result or () if self._filter(r, spider))
           ^^^^^^^^^^^^^^^^^^^^^^^^^^^^^^^^^^^^^^^^^^^^^^^^^^^^
  File "F:\25\Vision\Anaconda3\Lib\site-packages\scrapy\core\spidermw.py", line 106, in process_sync
    for r in iterable:
  File "F:\25\Vision\Anaconda3\Lib\site-packages\scrapy\spidermiddlewares\referer.py", line 352, in <genexpr>
    return (self._set_referer(r, response) for r in result or ())
           ^^^^^^^^^^^^^^^^^^^^^^^^^^^^^^^^^^^^^^^^^^^^^^^^^^^^^^
  File "F:\25\Vision\Anaconda3\Lib\site-packages\scrapy\core\spidermw.py", line 106, in process_sync
    for r in iterable:
  File "F:\25\Vision\Anaconda3\Lib\site-packages\scrapy\spidermiddlewares\urllength.py", line 27, in <genexpr>
    return (r for r in result or () if self._filter(r, spider))
           ^^^^^^^^^^^^^^^^^^^^^^^^^^^^^^^^^^^^^^^^^^^^^^^^^^^^
  File "F:\25\Vision\Anaconda3\Lib\site-packages\scrapy\core\spidermw.py", line 106, in process_sync
    for r in iterable:
  File "F:\25\Vision\Anaconda3\Lib\site-packages\scrapy\spidermiddlewares\depth.py", line 31, in <genexpr>
    return (r for r in result or () if self._filter(r, response, spider))
           ^^^^^^^^^^^^^^^^^^^^^^^^^^^^^^^^^^^^^^^^^^^^^^^^^^^^^^^^^^^^^^
  File "F:\25\Vision\Anaconda3\Lib\site-packages\scrapy\core\spidermw.py", line 106, in process_sync
    for r in iterable:
  File "D:\25\newres-master\newres-master\NewsRecSpider-master\sina\sinaSpider\spiders\sina.py", line 59, in parse
    queryList = News.objects(Q(doc_id=docId))
                ^^^^^^^^^^^^
  File "C:\Users\李金博\AppData\Roaming\Python\Python312\site-packages\mongoengine\queryset\manager.py", line 38, in __get__
    queryset = queryset_class(owner, owner._get_collection())
                                     ^^^^^^^^^^^^^^^^^^^^^^^
  File "C:\Users\李金博\AppData\Roaming\Python\Python312\site-packages\mongoengine\document.py", line 233, in _get_collection
    if cls._meta.get("auto_create_index", True) and db.client.is_primary:
                                                    ^^^^^^^^^^^^^^^^^^^^
  File "C:\Users\李金博\AppData\Roaming\Python\Python312\site-packages\pymongo\synchronous\mongo_client.py", line 1671, in is_primary
    return self._server_property("is_writable")
           ^^^^^^^^^^^^^^^^^^^^^^^^^^^^^^^^^^^^
  File "C:\Users\李金博\AppData\Roaming\Python\Python312\site-packages\pymongo\synchronous\mongo_client.py", line 1589, in _server_property
    server = (self._get_topology()).select_server(writable_server_selector, _Op.TEST)
             ^^^^^^^^^^^^^^^^^^^^^^^^^^^^^^^^^^^^^^^^^^^^^^^^^^^^^^^^^^^^^^^^^^^^^^^^
  File "C:\Users\李金博\AppData\Roaming\Python\Python312\site-packages\pymongo\synchronous\topology.py", line 428, in select_server
    server = self._select_server(
             ^^^^^^^^^^^^^^^^^^^^
  File "C:\Users\李金博\AppData\Roaming\Python\Python312\site-packages\pymongo\synchronous\topology.py", line 402, in _select_server
    servers = self.select_servers(
              ^^^^^^^^^^^^^^^^^^^^
  File "C:\Users\李金博\AppData\Roaming\Python\Python312\site-packages\pymongo\synchronous\topology.py", line 298, in select_servers
    server_descriptions = self._select_servers_loop(
                          ^^^^^^^^^^^^^^^^^^^^^^^^^^
  File "C:\Users\李金博\AppData\Roaming\Python\Python312\site-packages\pymongo\synchronous\topology.py", line 359, in _select_servers_loop
    raise ServerSelectionTimeoutError(
pymongo.errors.ServerSelectionTimeoutError: localhost:27017: [WinError 10061] 由于目标计算机积极拒绝，无法连接。 (configured timeouts: socketTimeoutMS: 20000.0ms, connectTimeoutMS: 20000.0ms), Timeout: 30s, Topology Description: <TopologyDescription id: 69da0d237a28470a9e822929, topology_type: Unknown, servers: [<ServerDescription ('localhost', 27017) server_type: Unknown, rtt: None, error=AutoReconnect('localhost:27017: [WinError 10061] 由于目标计算机积极拒绝，无法连接。 (configured timeouts: socketTimeoutMS: 20000.0ms, connectTimeoutMS: 20000.0ms)')>]>
2026-04-11 16:59:13 [scrapy.core.scraper] ERROR: Spider error processing <GET https://feed.mix.sina.com.cn/api/roll/get?pageid=153&num=30&lid=2510&page=2> (referer: None)
Traceback (most recent call last):
  File "F:\25\Vision\Anaconda3\Lib\site-packages\scrapy\utils\defer.py", line 279, in iter_errback
    yield next(it)
          ^^^^^^^^
  File "F:\25\Vision\Anaconda3\Lib\site-packages\scrapy\utils\python.py", line 350, in __next__
    return next(self.data)
           ^^^^^^^^^^^^^^^
  File "F:\25\Vision\Anaconda3\Lib\site-packages\scrapy\utils\python.py", line 350, in __next__
    return next(self.data)
           ^^^^^^^^^^^^^^^
  File "F:\25\Vision\Anaconda3\Lib\site-packages\scrapy\core\spidermw.py", line 106, in process_sync
    for r in iterable:
  File "F:\25\Vision\Anaconda3\Lib\site-packages\scrapy\spidermiddlewares\offsite.py", line 28, in <genexpr>
    return (r for r in result or () if self._filter(r, spider))
           ^^^^^^^^^^^^^^^^^^^^^^^^^^^^^^^^^^^^^^^^^^^^^^^^^^^^
  File "F:\25\Vision\Anaconda3\Lib\site-packages\scrapy\core\spidermw.py", line 106, in process_sync
    for r in iterable:
  File "F:\25\Vision\Anaconda3\Lib\site-packages\scrapy\spidermiddlewares\referer.py", line 352, in <genexpr>
    return (self._set_referer(r, response) for r in result or ())
           ^^^^^^^^^^^^^^^^^^^^^^^^^^^^^^^^^^^^^^^^^^^^^^^^^^^^^^
  File "F:\25\Vision\Anaconda3\Lib\site-packages\scrapy\core\spidermw.py", line 106, in process_sync
    for r in iterable:
  File "F:\25\Vision\Anaconda3\Lib\site-packages\scrapy\spidermiddlewares\urllength.py", line 27, in <genexpr>
    return (r for r in result or () if self._filter(r, spider))
           ^^^^^^^^^^^^^^^^^^^^^^^^^^^^^^^^^^^^^^^^^^^^^^^^^^^^
  File "F:\25\Vision\Anaconda3\Lib\site-packages\scrapy\core\spidermw.py", line 106, in process_sync
    for r in iterable:
  File "F:\25\Vision\Anaconda3\Lib\site-packages\scrapy\spidermiddlewares\depth.py", line 31, in <genexpr>
    return (r for r in result or () if self._filter(r, response, spider))
           ^^^^^^^^^^^^^^^^^^^^^^^^^^^^^^^^^^^^^^^^^^^^^^^^^^^^^^^^^^^^^^
  File "F:\25\Vision\Anaconda3\Lib\site-packages\scrapy\core\spidermw.py", line 106, in process_sync
    for r in iterable:
  File "D:\25\newres-master\newres-master\NewsRecSpider-master\sina\sinaSpider\spiders\sina.py", line 61, in parse
    queryList2 = News.objects(Q(doc_id=docId))
                 ^^^^^^^^^^^^
  File "C:\Users\李金博\AppData\Roaming\Python\Python312\site-packages\mongoengine\queryset\manager.py", line 38, in __get__
    queryset = queryset_class(owner, owner._get_collection())
                                     ^^^^^^^^^^^^^^^^^^^^^^^
  File "C:\Users\李金博\AppData\Roaming\Python\Python312\site-packages\mongoengine\document.py", line 233, in _get_collection
    if cls._meta.get("auto_create_index", True) and db.client.is_primary:
                                                    ^^^^^^^^^^^^^^^^^^^^
  File "C:\Users\李金博\AppData\Roaming\Python\Python312\site-packages\pymongo\synchronous\mongo_client.py", line 1671, in is_primary
    return self._server_property("is_writable")
           ^^^^^^^^^^^^^^^^^^^^^^^^^^^^^^^^^^^^
  File "C:\Users\李金博\AppData\Roaming\Python\Python312\site-packages\pymongo\synchronous\mongo_client.py", line 1589, in _server_property
    server = (self._get_topology()).select_server(writable_server_selector, _Op.TEST)
             ^^^^^^^^^^^^^^^^^^^^^^^^^^^^^^^^^^^^^^^^^^^^^^^^^^^^^^^^^^^^^^^^^^^^^^^^
  File "C:\Users\李金博\AppData\Roaming\Python\Python312\site-packages\pymongo\synchronous\topology.py", line 428, in select_server
    server = self._select_server(
             ^^^^^^^^^^^^^^^^^^^^
  File "C:\Users\李金博\AppData\Roaming\Python\Python312\site-packages\pymongo\synchronous\topology.py", line 402, in _select_server
    servers = self.select_servers(
              ^^^^^^^^^^^^^^^^^^^^
  File "C:\Users\李金博\AppData\Roaming\Python\Python312\site-packages\pymongo\synchronous\topology.py", line 298, in select_servers
    server_descriptions = self._select_servers_loop(
                          ^^^^^^^^^^^^^^^^^^^^^^^^^^
  File "C:\Users\李金博\AppData\Roaming\Python\Python312\site-packages\pymongo\synchronous\topology.py", line 359, in _select_servers_loop
    raise ServerSelectionTimeoutError(
pymongo.errors.ServerSelectionTimeoutError: localhost:27017: [WinError 10061] 由于目标计算机积极拒绝，无法连接。 (configured timeouts: socketTimeoutMS: 20000.0ms, connectTimeoutMS: 20000.0ms), Timeout: 30s, Topology Description: <TopologyDescription id: 69da0d237a28470a9e822929, topology_type: Unknown, servers: [<ServerDescription ('localhost', 27017) server_type: Unknown, rtt: None, error=AutoReconnect('localhost:27017: [WinError 10061] 由于目标计算机积极拒绝，无法连接。 (configured timeouts: socketTimeoutMS: 20000.0ms, connectTimeoutMS: 20000.0ms)')>]>
2026-04-11 16:59:13 [scrapy.extensions.logstats] INFO: Crawled 2 pages (at 2 pages/min), scraped 0 items (at 0 items/min)
2026-04-11 16:59:40 [scrapy.crawler] INFO: Received SIGINT, shutting down gracefully. Send again to force 
2026-04-11 16:59:44 [scrapy.core.scraper] ERROR: Spider error processing <GET https://feed.mix.sina.com.cn/api/roll/get?pageid=153&num=30&lid=2510&page=3> (referer: None)
Traceback (most recent call last):
  File "F:\25\Vision\Anaconda3\Lib\site-packages\scrapy\utils\defer.py", line 279, in iter_errback
    yield next(it)
          ^^^^^^^^
  File "F:\25\Vision\Anaconda3\Lib\site-packages\scrapy\utils\python.py", line 350, in __next__
    return next(self.data)
           ^^^^^^^^^^^^^^^
  File "F:\25\Vision\Anaconda3\Lib\site-packages\scrapy\utils\python.py", line 350, in __next__
    return next(self.data)
           ^^^^^^^^^^^^^^^
  File "F:\25\Vision\Anaconda3\Lib\site-packages\scrapy\core\spidermw.py", line 106, in process_sync
    for r in iterable:
  File "F:\25\Vision\Anaconda3\Lib\site-packages\scrapy\spidermiddlewares\offsite.py", line 28, in <genexpr>
    return (r for r in result or () if self._filter(r, spider))
           ^^^^^^^^^^^^^^^^^^^^^^^^^^^^^^^^^^^^^^^^^^^^^^^^^^^^
  File "F:\25\Vision\Anaconda3\Lib\site-packages\scrapy\core\spidermw.py", line 106, in process_sync
    for r in iterable:
  File "F:\25\Vision\Anaconda3\Lib\site-packages\scrapy\spidermiddlewares\referer.py", line 352, in <genexpr>
    return (self._set_referer(r, response) for r in result or ())
           ^^^^^^^^^^^^^^^^^^^^^^^^^^^^^^^^^^^^^^^^^^^^^^^^^^^^^^
  File "F:\25\Vision\Anaconda3\Lib\site-packages\scrapy\core\spidermw.py", line 106, in process_sync
    for r in iterable:
  File "F:\25\Vision\Anaconda3\Lib\site-packages\scrapy\spidermiddlewares\urllength.py", line 27, in <genexpr>
    return (r for r in result or () if self._filter(r, spider))
           ^^^^^^^^^^^^^^^^^^^^^^^^^^^^^^^^^^^^^^^^^^^^^^^^^^^^
  File "F:\25\Vision\Anaconda3\Lib\site-packages\scrapy\core\spidermw.py", line 106, in process_sync
    for r in iterable:
  File "F:\25\Vision\Anaconda3\Lib\site-packages\scrapy\spidermiddlewares\depth.py", line 31, in <genexpr>
    return (r for r in result or () if self._filter(r, response, spider))
           ^^^^^^^^^^^^^^^^^^^^^^^^^^^^^^^^^^^^^^^^^^^^^^^^^^^^^^^^^^^^^^
  File "F:\25\Vision\Anaconda3\Lib\site-packages\scrapy\core\spidermw.py", line 106, in process_sync
    for r in iterable:
  File "D:\25\newres-master\newres-master\NewsRecSpider-master\sina\sinaSpider\spiders\sina.py", line 61, in parse
    queryList2 = News.objects(Q(doc_id=docId))
                 ^^^^^^^^^^^^
  File "C:\Users\李金博\AppData\Roaming\Python\Python312\site-packages\mongoengine\queryset\manager.py", line 38, in __get__
    queryset = queryset_class(owner, owner._get_collection())
                                     ^^^^^^^^^^^^^^^^^^^^^^^
  File "C:\Users\李金博\AppData\Roaming\Python\Python312\site-packages\mongoengine\document.py", line 233, in _get_collection
    if cls._meta.get("auto_create_index", True) and db.client.is_primary:
                                                    ^^^^^^^^^^^^^^^^^^^^
  File "C:\Users\李金博\AppData\Roaming\Python\Python312\site-packages\pymongo\synchronous\mongo_client.py", line 1671, in is_primary
    return self._server_property("is_writable")
           ^^^^^^^^^^^^^^^^^^^^^^^^^^^^^^^^^^^^
  File "C:\Users\李金博\AppData\Roaming\Python\Python312\site-packages\pymongo\synchronous\mongo_client.py", line 1589, in _server_property
    server = (self._get_topology()).select_server(writable_server_selector, _Op.TEST)
             ^^^^^^^^^^^^^^^^^^^^^^^^^^^^^^^^^^^^^^^^^^^^^^^^^^^^^^^^^^^^^^^^^^^^^^^^
  File "C:\Users\李金博\AppData\Roaming\Python\Python312\site-packages\pymongo\synchronous\topology.py", line 428, in select_server
    server = self._select_server(
             ^^^^^^^^^^^^^^^^^^^^
  File "C:\Users\李金博\AppData\Roaming\Python\Python312\site-packages\pymongo\synchronous\topology.py", line 402, in _select_server
    servers = self.select_servers(
              ^^^^^^^^^^^^^^^^^^^^
  File "C:\Users\李金博\AppData\Roaming\Python\Python312\site-packages\pymongo\synchronous\topology.py", line 298, in select_servers
    server_descriptions = self._select_servers_loop(
                          ^^^^^^^^^^^^^^^^^^^^^^^^^^
  File "C:\Users\李金博\AppData\Roaming\Python\Python312\site-packages\pymongo\synchronous\topology.py", line 359, in _select_servers_loop
    raise ServerSelectionTimeoutError(
pymongo.errors.ServerSelectionTimeoutError: localhost:27017: [WinError 10061] 由于目标计算机积极拒绝，无法连接。 (configured timeouts: socketTimeoutMS: 20000.0ms, connectTimeoutMS: 20000.0ms), Timeout: 30s, Topology Description: <TopologyDescription id: 69da0d237a28470a9e822929, topology_type: Unknown, servers: [<ServerDescription ('localhost', 27017) server_type: Unknown, rtt: None, error=AutoReconnect('localhost:27017: [WinError 10061] 由于目标计算机积极拒绝，无法连接。 (configured timeouts: socketTimeoutMS: 20000.0ms, connectTimeoutMS: 20000.0ms)')>]>
2026-04-11 16:59:44 [scrapy.core.engine] INFO: Closing spider (shutdown)
2026-04-11 17:01:34 [scrapy.addons] INFO: Enabled addons:
[]
2026-04-11 17:01:34 [py.warnings] WARNING: F:\25\Vision\Anaconda3\Lib\site-packages\scrapy\utils\request.py:254: ScrapyDeprecationWarning: '2.6' is a deprecated value for the 'REQUEST_FINGERPRINTER_IMPLEMENTATION' setting.

It is also the default value. In other words, it is normal to get this warning if you have not defined a value for the 'REQUEST_FINGERPRINTER_IMPLEMENTATION' setting. This is so for backward compatibility reasons, but it will change in a future version of Scrapy.

See the documentation of the 'REQUEST_FINGERPRINTER_IMPLEMENTATION' setting for information on how to handle this deprecation.
  return cls(crawler)

2026-04-11 17:01:34 [scrapy.extensions.telnet] INFO: Telnet Password: 8e7dd68698caa969
2026-04-11 17:01:34 [scrapy.middleware] INFO: Enabled extensions:
['scrapy.extensions.corestats.CoreStats',
 'scrapy.extensions.telnet.TelnetConsole',
 'scrapy.extensions.logstats.LogStats',
 'scrapy.extensions.throttle.AutoThrottle']
2026-04-11 17:01:34 [scrapy.crawler] INFO: Overridden settings:
{'AUTOTHROTTLE_ENABLED': True,
 'BOT_NAME': 'sinaSpider',
 'COOKIES_ENABLED': False,
 'LOG_FILE': 'sina_spider.log',
 'LOG_LEVEL': 'INFO',
 'NEWSPIDER_MODULE': 'sinaSpider.spiders',
 'SPIDER_MODULES': ['sinaSpider.spiders']}
2026-04-11 17:01:34 [scrapy.middleware] INFO: Enabled downloader middlewares:
['scrapy.downloadermiddlewares.httpauth.HttpAuthMiddleware',
 'scrapy.downloadermiddlewares.downloadtimeout.DownloadTimeoutMiddleware',
 'scrapy.downloadermiddlewares.defaultheaders.DefaultHeadersMiddleware',
 'scrapy.downloadermiddlewares.useragent.UserAgentMiddleware',
 'scrapy.downloadermiddlewares.retry.RetryMiddleware',
 'scrapy.downloadermiddlewares.redirect.MetaRefreshMiddleware',
 'scrapy.downloadermiddlewares.httpcompression.HttpCompressionMiddleware',
 'scrapy.downloadermiddlewares.redirect.RedirectMiddleware',
 'scrapy.downloadermiddlewares.httpproxy.HttpProxyMiddleware',
 'scrapy.downloadermiddlewares.stats.DownloaderStats']
2026-04-11 17:01:34 [scrapy.middleware] INFO: Enabled spider middlewares:
['scrapy.spidermiddlewares.httperror.HttpErrorMiddleware',
 'scrapy.spidermiddlewares.offsite.OffsiteMiddleware',
 'scrapy.spidermiddlewares.referer.RefererMiddleware',
 'scrapy.spidermiddlewares.urllength.UrlLengthMiddleware',
 'scrapy.spidermiddlewares.depth.DepthMiddleware']
2026-04-11 17:01:34 [twisted] CRITICAL: Unhandled error in Deferred:
2026-04-11 17:01:34 [twisted] CRITICAL: 
Traceback (most recent call last):
  File "F:\25\Vision\Anaconda3\Lib\site-packages\twisted\internet\defer.py", line 2000, in _inlineCallbacks
    result = context.run(gen.send, result)
  File "F:\25\Vision\Anaconda3\Lib\site-packages\scrapy\crawler.py", line 158, in crawl
    self.engine = self._create_engine()
  File "F:\25\Vision\Anaconda3\Lib\site-packages\scrapy\crawler.py", line 172, in _create_engine
    return ExecutionEngine(self, lambda _: self.stop())
  File "F:\25\Vision\Anaconda3\Lib\site-packages\scrapy\core\engine.py", line 100, in __init__
    self.scraper = Scraper(crawler)
  File "F:\25\Vision\Anaconda3\Lib\site-packages\scrapy\core\scraper.py", line 109, in __init__
    self.itemproc: ItemPipelineManager = itemproc_cls.from_crawler(crawler)
  File "F:\25\Vision\Anaconda3\Lib\site-packages\scrapy\middleware.py", line 90, in from_crawler
    return cls.from_settings(crawler.settings, crawler)
  File "F:\25\Vision\Anaconda3\Lib\site-packages\scrapy\middleware.py", line 66, in from_settings
    mwcls = load_object(clspath)
  File "F:\25\Vision\Anaconda3\Lib\site-packages\scrapy\utils\misc.py", line 79, in load_object
    mod = import_module(module)
  File "F:\25\Vision\Anaconda3\Lib\importlib\__init__.py", line 90, in import_module
    return _bootstrap._gcd_import(name[level:], package, level)
  File "<frozen importlib._bootstrap>", line 1387, in _gcd_import
  File "<frozen importlib._bootstrap>", line 1360, in _find_and_load
  File "<frozen importlib._bootstrap>", line 1331, in _find_and_load_unlocked
  File "<frozen importlib._bootstrap>", line 935, in _load_unlocked
  File "<frozen importlib._bootstrap_external>", line 995, in exec_module
  File "<frozen importlib._bootstrap>", line 488, in _call_with_frames_removed
  File "D:\25\newres-master\newres-master\NewsRecSpider-master\sina\sinaSpider\pipelines.py", line 10, in <module>
    from sina.sinaSpider.items import CommentListItem, NewsItem, UserItem
ModuleNotFoundError: No module named 'sina'
2026-04-11 17:35:23 [scrapy.addons] INFO: Enabled addons:
[]
2026-04-11 17:35:23 [py.warnings] WARNING: F:\25\Vision\Anaconda3\Lib\site-packages\scrapy\utils\request.py:254: ScrapyDeprecationWarning: '2.6' is a deprecated value for the 'REQUEST_FINGERPRINTER_IMPLEMENTATION' setting.

It is also the default value. In other words, it is normal to get this warning if you have not defined a value for the 'REQUEST_FINGERPRINTER_IMPLEMENTATION' setting. This is so for backward compatibility reasons, but it will change in a future version of Scrapy.

See the documentation of the 'REQUEST_FINGERPRINTER_IMPLEMENTATION' setting for information on how to handle this deprecation.
  return cls(crawler)

2026-04-11 17:35:23 [scrapy.extensions.telnet] INFO: Telnet Password: 8f19c98ce5ffffbd
2026-04-11 17:35:23 [scrapy.middleware] INFO: Enabled extensions:
['scrapy.extensions.corestats.CoreStats',
 'scrapy.extensions.telnet.TelnetConsole',
 'scrapy.extensions.logstats.LogStats',
 'scrapy.extensions.throttle.AutoThrottle']
2026-04-11 17:35:23 [scrapy.crawler] INFO: Overridden settings:
{'AUTOTHROTTLE_ENABLED': True,
 'BOT_NAME': 'sinaSpider',
 'COOKIES_ENABLED': False,
 'LOG_FILE': 'sina_spider.log',
 'LOG_LEVEL': 'INFO',
 'NEWSPIDER_MODULE': 'sinaSpider.spiders',
 'SPIDER_MODULES': ['sinaSpider.spiders']}
2026-04-11 17:35:23 [scrapy.middleware] INFO: Enabled downloader middlewares:
['scrapy.downloadermiddlewares.httpauth.HttpAuthMiddleware',
 'scrapy.downloadermiddlewares.downloadtimeout.DownloadTimeoutMiddleware',
 'scrapy.downloadermiddlewares.defaultheaders.DefaultHeadersMiddleware',
 'scrapy.downloadermiddlewares.useragent.UserAgentMiddleware',
 'scrapy.downloadermiddlewares.retry.RetryMiddleware',
 'scrapy.downloadermiddlewares.redirect.MetaRefreshMiddleware',
 'scrapy.downloadermiddlewares.httpcompression.HttpCompressionMiddleware',
 'scrapy.downloadermiddlewares.redirect.RedirectMiddleware',
 'scrapy.downloadermiddlewares.httpproxy.HttpProxyMiddleware',
 'scrapy.downloadermiddlewares.stats.DownloaderStats']
2026-04-11 17:35:23 [scrapy.middleware] INFO: Enabled spider middlewares:
['scrapy.spidermiddlewares.httperror.HttpErrorMiddleware',
 'scrapy.spidermiddlewares.offsite.OffsiteMiddleware',
 'scrapy.spidermiddlewares.referer.RefererMiddleware',
 'scrapy.spidermiddlewares.urllength.UrlLengthMiddleware',
 'scrapy.spidermiddlewares.depth.DepthMiddleware']
2026-04-11 17:35:23 [twisted] CRITICAL: Unhandled error in Deferred:
2026-04-11 17:35:23 [twisted] CRITICAL: 
Traceback (most recent call last):
  File "F:\25\Vision\Anaconda3\Lib\site-packages\twisted\internet\defer.py", line 2000, in _inlineCallbacks
    result = context.run(gen.send, result)
  File "F:\25\Vision\Anaconda3\Lib\site-packages\scrapy\crawler.py", line 158, in crawl
    self.engine = self._create_engine()
  File "F:\25\Vision\Anaconda3\Lib\site-packages\scrapy\crawler.py", line 172, in _create_engine
    return ExecutionEngine(self, lambda _: self.stop())
  File "F:\25\Vision\Anaconda3\Lib\site-packages\scrapy\core\engine.py", line 100, in __init__
    self.scraper = Scraper(crawler)
  File "F:\25\Vision\Anaconda3\Lib\site-packages\scrapy\core\scraper.py", line 109, in __init__
    self.itemproc: ItemPipelineManager = itemproc_cls.from_crawler(crawler)
  File "F:\25\Vision\Anaconda3\Lib\site-packages\scrapy\middleware.py", line 90, in from_crawler
    return cls.from_settings(crawler.settings, crawler)
  File "F:\25\Vision\Anaconda3\Lib\site-packages\scrapy\middleware.py", line 66, in from_settings
    mwcls = load_object(clspath)
  File "F:\25\Vision\Anaconda3\Lib\site-packages\scrapy\utils\misc.py", line 79, in load_object
    mod = import_module(module)
  File "F:\25\Vision\Anaconda3\Lib\importlib\__init__.py", line 90, in import_module
    return _bootstrap._gcd_import(name[level:], package, level)
  File "<frozen importlib._bootstrap>", line 1387, in _gcd_import
  File "<frozen importlib._bootstrap>", line 1360, in _find_and_load
  File "<frozen importlib._bootstrap>", line 1331, in _find_and_load_unlocked
  File "<frozen importlib._bootstrap>", line 935, in _load_unlocked
  File "<frozen importlib._bootstrap_external>", line 995, in exec_module
  File "<frozen importlib._bootstrap>", line 488, in _call_with_frames_removed
  File "D:\25\newres-master\newres-master\NewsRecSpider-master\sina\sinaSpider\pipelines.py", line 10, in <module>
    from sina.sinaSpider.items import CommentListItem, NewsItem, UserItem
ModuleNotFoundError: No module named 'sina'
