00:00:00.004 [schedule-pool-2] INFO  c.n.m.u.RedisUtils - [getHotNews,37] - Getting hot news, count: 5
00:00:00.054 [schedule-pool-3] INFO  c.n.m.u.RedisUtils - [clearHotNews,44] - Clearing hot news data
00:00:00.058 [schedule-pool-3] INFO  c.n.m.u.RedisUtils - [increment,32] - Incrementing key: 1, delta: 2.9159507671689135E-172
00:00:00.061 [schedule-pool-3] INFO  c.n.m.u.RedisUtils - [increment,32] - Incrementing key: 2, delta: 0.0
00:00:00.062 [schedule-pool-3] INFO  c.n.m.u.RedisUtils - [increment,32] - Incrementing key: 8, delta: 1.4558967873006165E-168
00:00:00.063 [schedule-pool-3] INFO  c.n.m.u.RedisUtils - [increment,32] - Incrementing key: 10, delta: 1.2051288809477202E-167
00:00:00.064 [schedule-pool-3] INFO  c.n.m.u.RedisUtils - [increment,32] - Incrementing key: 11, delta: 0.0
00:00:00.066 [schedule-pool-3] INFO  c.n.m.u.RedisUtils - [increment,32] - Incrementing key: 12, delta: 6.369075839181835E-168
00:00:00.067 [schedule-pool-3] INFO  c.n.m.u.RedisUtils - [increment,32] - Incrementing key: 15, delta: 2.0928491566998485E-167
00:00:00.068 [schedule-pool-3] INFO  c.n.m.u.RedisUtils - [increment,32] - Incrementing key: 16, delta: 8.513936324962514E-168
00:00:00.070 [schedule-pool-3] INFO  c.n.m.u.RedisUtils - [increment,32] - Incrementing key: 19, delta: 3.7307368576846017E-168
00:00:00.070 [schedule-pool-3] INFO  c.n.m.u.RedisUtils - [increment,32] - Incrementing key: 23, delta: 1.9279900288634424E-158
00:00:00.075 [schedule-pool-3] INFO  c.n.m.u.RedisUtils - [increment,32] - Incrementing key: 26, delta: 6.83919867412957E-158
00:00:00.075 [schedule-pool-3] INFO  c.n.m.u.RedisUtils - [increment,32] - Incrementing key: 30, delta: 3.2938795704312174E-155
00:00:00.076 [schedule-pool-3] INFO  c.n.m.u.RedisUtils - [increment,32] - Incrementing key: 31, delta: 1.3259504115238978E-155
00:00:00.077 [schedule-pool-3] INFO  c.n.m.u.RedisUtils - [increment,32] - Incrementing key: 32, delta: 2.468152283700991E-155
00:00:00.077 [schedule-pool-3] INFO  c.n.m.u.RedisUtils - [increment,32] - Incrementing key: 33, delta: 2.013950622132066E-152
00:00:00.079 [schedule-pool-3] INFO  c.n.m.u.RedisUtils - [increment,32] - Incrementing key: 34, delta: 6.219514938009987E-153
00:00:00.080 [schedule-pool-3] INFO  c.n.m.u.RedisUtils - [increment,32] - Incrementing key: 35, delta: 1.7129813169418658E-153
00:00:00.080 [schedule-pool-3] INFO  c.n.m.u.RedisUtils - [increment,32] - Incrementing key: 36, delta: 1.7205915962955875E-153
00:00:00.083 [schedule-pool-3] INFO  c.n.m.u.RedisUtils - [increment,32] - Incrementing key: 38, delta: 0.0
00:00:00.084 [schedule-pool-3] INFO  c.n.m.u.RedisUtils - [increment,32] - Incrementing key: 39, delta: 0.0
00:00:00.084 [schedule-pool-3] INFO  c.n.m.u.RedisUtils - [increment,32] - Incrementing key: 43, delta: 0.0
00:00:00.085 [schedule-pool-3] INFO  c.n.m.u.RedisUtils - [increment,32] - Incrementing key: 44, delta: 0.0
00:00:00.086 [schedule-pool-3] INFO  c.n.m.u.RedisUtils - [increment,32] - Incrementing key: 45, delta: 0.0
00:00:00.087 [schedule-pool-3] INFO  c.n.m.u.RedisUtils - [increment,32] - Incrementing key: 46, delta: 1.7735659414568316E-153
00:00:00.087 [schedule-pool-3] INFO  c.n.m.u.RedisUtils - [increment,32] - Incrementing key: 47, delta: 7.710399373207053E-153
00:00:00.088 [schedule-pool-3] INFO  c.n.m.u.RedisUtils - [increment,32] - Incrementing key: 48, delta: 3.565365809200563E-153
00:03:59.606 [restartedMain] INFO  c.n.NewsRecApplication - [logStarting,55] - Starting NewsRecApplication using Java 1.8.0_391 on LAPTOP-HELLSP04 with PID 2392 (D:\25\newres-master\newres-master\newsrec\newsrec-admin\target\classes started by 李金博 in D:\25\newres-master\newres-master)
00:03:59.608 [restartedMain] INFO  c.n.NewsRecApplication - [logStartupProfileInfo,686] - The following 1 profile is active: "druid"
00:03:59.612 [background-preinit] INFO  o.h.v.i.util.Version - [<clinit>,21] - HV000001: Hibernate Validator 6.2.5.Final
00:04:02.369 [restartedMain] INFO  o.a.c.h.Http11NioProtocol - [log,173] - Initializing ProtocolHandler ["http-nio-8080"]
00:04:02.375 [restartedMain] INFO  o.a.c.c.StandardService - [log,173] - Starting service [Tomcat]
00:04:02.375 [restartedMain] INFO  o.a.c.c.StandardEngine - [log,173] - Starting Servlet engine: [Apache Tomcat/9.0.96]
00:04:02.487 [restartedMain] INFO  o.a.c.c.C.[.[.[/] - [log,173] - Initializing Spring embedded WebApplicationContext
00:04:03.447 [restartedMain] INFO  c.a.d.p.DruidDataSource - [init,1002] - {dataSource-1} inited
00:04:05.023 [restartedMain] INFO  o.d.x.f.s.c.FileStorageServiceBuilder - [lambda$buildAliyunOssFileStorage$5,325] - 加载阿里云 OSS 存储平台：aliyun-oss-1
00:04:05.716 [restartedMain] INFO  o.q.i.StdSchedulerFactory - [instantiate,1220] - Using default implementation for ThreadExecutor
00:04:05.726 [restartedMain] INFO  o.q.c.SchedulerSignalerImpl - [<init>,61] - Initialized Scheduler Signaller of type: class org.quartz.core.SchedulerSignalerImpl
00:04:05.727 [restartedMain] INFO  o.q.c.QuartzScheduler - [<init>,229] - Quartz Scheduler v.2.3.2 created.
00:04:05.727 [restartedMain] INFO  o.q.s.RAMJobStore - [initialize,155] - RAMJobStore initialized.
00:04:05.728 [restartedMain] INFO  o.q.c.QuartzScheduler - [initialize,294] - Scheduler meta-data: Quartz Scheduler (v2.3.2) 'quartzScheduler' with instanceId 'NON_CLUSTERED'
  Scheduler class: 'org.quartz.core.QuartzScheduler' - running locally.
  NOT STARTED.
  Currently in standby mode.
  Number of jobs executed: 0
  Using thread pool 'org.quartz.simpl.SimpleThreadPool' - with 10 threads.
  Using job-store 'org.quartz.simpl.RAMJobStore' - which does not support persistence. and is not clustered.

00:04:05.728 [restartedMain] INFO  o.q.i.StdSchedulerFactory - [instantiate,1374] - Quartz scheduler 'quartzScheduler' initialized from an externally provided properties instance.
00:04:05.728 [restartedMain] INFO  o.q.i.StdSchedulerFactory - [instantiate,1378] - Quartz scheduler version: 2.3.2
00:04:05.728 [restartedMain] INFO  o.q.c.QuartzScheduler - [setJobFactory,2293] - JobFactory set to: org.springframework.scheduling.quartz.SpringBeanJobFactory@cc2bdad
00:04:07.805 [restartedMain] INFO  o.a.c.h.Http11NioProtocol - [log,173] - Starting ProtocolHandler ["http-nio-8080"]
00:04:08.049 [restartedMain] INFO  o.q.c.QuartzScheduler - [start,547] - Scheduler quartzScheduler_$_NON_CLUSTERED started.
00:04:08.064 [restartedMain] INFO  c.n.NewsRecApplication - [logStarted,61] - Started NewsRecApplication in 8.849 seconds (JVM running for 10.231)
00:04:25.049 [http-nio-8080-exec-2] INFO  o.a.t.u.h.p.Cookie - [log,173] - A cookie header was received [Hm_lvt_d9c8b87d10717013641458b300c552e4=1749116405,1749129883,1749172685,1749175317;] that contained an invalid cookie. That cookie will be ignored.
 Note: further occurrences of this error will be logged at DEBUG level.
00:04:25.049 [http-nio-8080-exec-3] INFO  o.a.t.u.h.p.Cookie - [log,173] - A cookie header was received [Hm_lvt_d9c8b87d10717013641458b300c552e4=1749116405,1749129883,1749172685,1749175317;] that contained an invalid cookie. That cookie will be ignored.
 Note: further occurrences of this error will be logged at DEBUG level.
00:04:25.049 [http-nio-8080-exec-1] INFO  o.a.t.u.h.p.Cookie - [log,173] - A cookie header was received [Hm_lvt_d9c8b87d10717013641458b300c552e4=1749116405,1749129883,1749172685,1749175317;] that contained an invalid cookie. That cookie will be ignored.
 Note: further occurrences of this error will be logged at DEBUG level.
00:04:25.064 [http-nio-8080-exec-3] INFO  o.a.c.c.C.[.[.[/] - [log,173] - Initializing Spring DispatcherServlet 'dispatcherServlet'
00:08:11.122 [restartedMain] INFO  c.n.NewsRecApplication - [logStarting,55] - Starting NewsRecApplication using Java 1.8.0_391 on LAPTOP-HELLSP04 with PID 11164 (D:\25\newres-master\newres-master\newsrec\newsrec-admin\target\classes started by 李金博 in D:\25\newres-master\newres-master)
00:08:11.126 [restartedMain] INFO  c.n.NewsRecApplication - [logStartupProfileInfo,686] - The following 1 profile is active: "druid"
00:08:11.130 [background-preinit] INFO  o.h.v.i.util.Version - [<clinit>,21] - HV000001: Hibernate Validator 6.2.5.Final
00:08:13.979 [restartedMain] INFO  o.a.c.h.Http11NioProtocol - [log,173] - Initializing ProtocolHandler ["http-nio-8080"]
00:08:13.984 [restartedMain] INFO  o.a.c.c.StandardService - [log,173] - Starting service [Tomcat]
00:08:13.984 [restartedMain] INFO  o.a.c.c.StandardEngine - [log,173] - Starting Servlet engine: [Apache Tomcat/9.0.96]
00:08:14.099 [restartedMain] INFO  o.a.c.c.C.[.[.[/] - [log,173] - Initializing Spring embedded WebApplicationContext
00:08:15.014 [restartedMain] INFO  c.a.d.p.DruidDataSource - [init,1002] - {dataSource-1} inited
00:08:16.576 [restartedMain] INFO  o.d.x.f.s.c.FileStorageServiceBuilder - [lambda$buildAliyunOssFileStorage$5,325] - 加载阿里云 OSS 存储平台：aliyun-oss-1
00:08:17.250 [restartedMain] INFO  o.q.i.StdSchedulerFactory - [instantiate,1220] - Using default implementation for ThreadExecutor
00:08:17.261 [restartedMain] INFO  o.q.c.SchedulerSignalerImpl - [<init>,61] - Initialized Scheduler Signaller of type: class org.quartz.core.SchedulerSignalerImpl
00:08:17.261 [restartedMain] INFO  o.q.c.QuartzScheduler - [<init>,229] - Quartz Scheduler v.2.3.2 created.
00:08:17.262 [restartedMain] INFO  o.q.s.RAMJobStore - [initialize,155] - RAMJobStore initialized.
00:08:17.263 [restartedMain] INFO  o.q.c.QuartzScheduler - [initialize,294] - Scheduler meta-data: Quartz Scheduler (v2.3.2) 'quartzScheduler' with instanceId 'NON_CLUSTERED'
  Scheduler class: 'org.quartz.core.QuartzScheduler' - running locally.
  NOT STARTED.
  Currently in standby mode.
  Number of jobs executed: 0
  Using thread pool 'org.quartz.simpl.SimpleThreadPool' - with 10 threads.
  Using job-store 'org.quartz.simpl.RAMJobStore' - which does not support persistence. and is not clustered.

00:08:17.263 [restartedMain] INFO  o.q.i.StdSchedulerFactory - [instantiate,1374] - Quartz scheduler 'quartzScheduler' initialized from an externally provided properties instance.
00:08:17.263 [restartedMain] INFO  o.q.i.StdSchedulerFactory - [instantiate,1378] - Quartz scheduler version: 2.3.2
00:08:17.263 [restartedMain] INFO  o.q.c.QuartzScheduler - [setJobFactory,2293] - JobFactory set to: org.springframework.scheduling.quartz.SpringBeanJobFactory@1bdd53b6
00:08:19.304 [restartedMain] INFO  o.a.c.h.Http11NioProtocol - [log,173] - Starting ProtocolHandler ["http-nio-8080"]
00:08:19.580 [restartedMain] INFO  o.q.c.QuartzScheduler - [start,547] - Scheduler quartzScheduler_$_NON_CLUSTERED started.
00:08:19.601 [restartedMain] INFO  c.n.NewsRecApplication - [logStarted,61] - Started NewsRecApplication in 8.868 seconds (JVM running for 10.181)
00:09:12.655 [http-nio-8080-exec-1] INFO  o.a.t.u.h.p.Cookie - [log,173] - A cookie header was received [Hm_lvt_d9c8b87d10717013641458b300c552e4=1749116405,1749129883,1749172685,1749175317;] that contained an invalid cookie. That cookie will be ignored.
 Note: further occurrences of this error will be logged at DEBUG level.
00:09:12.668 [http-nio-8080-exec-1] INFO  o.a.c.c.C.[.[.[/] - [log,173] - Initializing Spring DispatcherServlet 'dispatcherServlet'
00:09:42.768 [http-nio-8080-exec-9] INFO  c.n.m.u.RedisUtils - [getHotNews,37] - Getting hot news, count: 6
00:10:14.126 [http-nio-8080-exec-12] INFO  c.n.m.u.RedisUtils - [getHotNews,37] - Getting hot news, count: 6
