23:08:45.183 [restartedMain] INFO  c.n.NewsRecApplication - [logStarting,55] - Starting NewsRecApplication using Java 1.8.0_391 on LAPTOP-HELLSP04 with PID 16272 (D:\25\newres-master\newres-master\newsrec\newsrec-admin\target\classes started by 李金博 in D:\25\newres-master\newres-master)
23:08:45.185 [background-preinit] INFO  o.h.v.i.util.Version - [<clinit>,21] - HV000001: Hibernate Validator 6.2.5.Final
23:08:45.190 [restartedMain] INFO  c.n.NewsRecApplication - [logStartupProfileInfo,686] - The following 1 profile is active: "druid"
23:08:48.315 [restartedMain] INFO  o.a.c.h.Http11NioProtocol - [log,173] - Initializing ProtocolHandler ["http-nio-8080"]
23:08:48.321 [restartedMain] INFO  o.a.c.c.StandardService - [log,173] - Starting service [Tomcat]
23:08:48.321 [restartedMain] INFO  o.a.c.c.StandardEngine - [log,173] - Starting Servlet engine: [Apache Tomcat/9.0.96]
23:08:48.423 [restartedMain] INFO  o.a.c.c.C.[.[.[/] - [log,173] - Initializing Spring embedded WebApplicationContext
23:08:53.433 [restartedMain] INFO  c.a.d.p.DruidDataSource - [init,1002] - {dataSource-1} inited
23:08:53.496 [restartedMain] INFO  o.a.c.c.StandardService - [log,173] - Stopping service [Tomcat]
23:09:44.170 [restartedMain] INFO  c.n.NewsRecApplication - [logStarting,55] - Starting NewsRecApplication using Java 1.8.0_391 on LAPTOP-HELLSP04 with PID 29136 (D:\25\newres-master\newres-master\newsrec\newsrec-admin\target\classes started by 李金博 in D:\25\newres-master\newres-master)
23:09:44.173 [restartedMain] INFO  c.n.NewsRecApplication - [logStartupProfileInfo,686] - The following 1 profile is active: "druid"
23:09:44.178 [background-preinit] INFO  o.h.v.i.util.Version - [<clinit>,21] - HV000001: Hibernate Validator 6.2.5.Final
23:09:47.153 [restartedMain] INFO  o.a.c.h.Http11NioProtocol - [log,173] - Initializing ProtocolHandler ["http-nio-8080"]
23:09:47.160 [restartedMain] INFO  o.a.c.c.StandardService - [log,173] - Starting service [Tomcat]
23:09:47.161 [restartedMain] INFO  o.a.c.c.StandardEngine - [log,173] - Starting Servlet engine: [Apache Tomcat/9.0.96]
23:09:47.321 [restartedMain] INFO  o.a.c.c.C.[.[.[/] - [log,173] - Initializing Spring embedded WebApplicationContext
23:09:52.728 [restartedMain] INFO  c.a.d.p.DruidDataSource - [init,1002] - {dataSource-1} inited
23:09:52.753 [restartedMain] INFO  o.a.c.c.StandardService - [log,173] - Stopping service [Tomcat]
23:18:36.837 [background-preinit] INFO  o.h.v.i.util.Version - [<clinit>,21] - HV000001: Hibernate Validator 6.2.5.Final
23:18:36.837 [restartedMain] INFO  c.n.NewsRecApplication - [logStarting,55] - Starting NewsRecApplication using Java 1.8.0_391 on LAPTOP-HELLSP04 with PID 11444 (D:\25\newres-master\newres-master\newsrec\newsrec-admin\target\classes started by 李金博 in D:\25\newres-master\newres-master)
23:18:36.839 [restartedMain] INFO  c.n.NewsRecApplication - [logStartupProfileInfo,686] - The following 1 profile is active: "druid"
23:18:39.817 [restartedMain] INFO  o.a.c.h.Http11NioProtocol - [log,173] - Initializing ProtocolHandler ["http-nio-8080"]
23:18:39.824 [restartedMain] INFO  o.a.c.c.StandardService - [log,173] - Starting service [Tomcat]
23:18:39.824 [restartedMain] INFO  o.a.c.c.StandardEngine - [log,173] - Starting Servlet engine: [Apache Tomcat/9.0.96]
23:18:39.934 [restartedMain] INFO  o.a.c.c.C.[.[.[/] - [log,173] - Initializing Spring embedded WebApplicationContext
23:18:40.975 [restartedMain] INFO  c.a.d.p.DruidDataSource - [init,1002] - {dataSource-1} inited
23:18:42.592 [restartedMain] INFO  o.d.x.f.s.c.FileStorageServiceBuilder - [lambda$buildAliyunOssFileStorage$5,325] - 加载阿里云 OSS 存储平台：aliyun-oss-1
23:18:43.229 [restartedMain] INFO  o.q.i.StdSchedulerFactory - [instantiate,1220] - Using default implementation for ThreadExecutor
23:18:43.240 [restartedMain] INFO  o.q.c.SchedulerSignalerImpl - [<init>,61] - Initialized Scheduler Signaller of type: class org.quartz.core.SchedulerSignalerImpl
23:18:43.241 [restartedMain] INFO  o.q.c.QuartzScheduler - [<init>,229] - Quartz Scheduler v.2.3.2 created.
23:18:43.242 [restartedMain] INFO  o.q.s.RAMJobStore - [initialize,155] - RAMJobStore initialized.
23:18:43.242 [restartedMain] INFO  o.q.c.QuartzScheduler - [initialize,294] - Scheduler meta-data: Quartz Scheduler (v2.3.2) 'quartzScheduler' with instanceId 'NON_CLUSTERED'
  Scheduler class: 'org.quartz.core.QuartzScheduler' - running locally.
  NOT STARTED.
  Currently in standby mode.
  Number of jobs executed: 0
  Using thread pool 'org.quartz.simpl.SimpleThreadPool' - with 10 threads.
  Using job-store 'org.quartz.simpl.RAMJobStore' - which does not support persistence. and is not clustered.

23:18:43.242 [restartedMain] INFO  o.q.i.StdSchedulerFactory - [instantiate,1374] - Quartz scheduler 'quartzScheduler' initialized from an externally provided properties instance.
23:18:43.242 [restartedMain] INFO  o.q.i.StdSchedulerFactory - [instantiate,1378] - Quartz scheduler version: 2.3.2
23:18:43.242 [restartedMain] INFO  o.q.c.QuartzScheduler - [setJobFactory,2293] - JobFactory set to: org.springframework.scheduling.quartz.SpringBeanJobFactory@1c44eb8d
23:18:45.109 [restartedMain] INFO  o.a.c.h.Http11NioProtocol - [log,173] - Starting ProtocolHandler ["http-nio-8080"]
23:18:45.338 [restartedMain] INFO  o.q.c.QuartzScheduler - [start,547] - Scheduler quartzScheduler_$_NON_CLUSTERED started.
23:18:45.352 [restartedMain] INFO  c.n.NewsRecApplication - [logStarted,61] - Started NewsRecApplication in 8.981 seconds (JVM running for 10.261)
23:19:00.513 [http-nio-8080-exec-1] INFO  o.a.t.u.h.p.Cookie - [log,173] - A cookie header was received [Hm_lvt_d9c8b87d10717013641458b300c552e4=1749116405,1749129883,1749172685,1749175317;] that contained an invalid cookie. That cookie will be ignored.
 Note: further occurrences of this error will be logged at DEBUG level.
23:19:00.527 [http-nio-8080-exec-1] INFO  o.a.c.c.C.[.[.[/] - [log,173] - Initializing Spring DispatcherServlet 'dispatcherServlet'
23:19:06.961 [schedule-pool-1] INFO  sys-user - [run,55] - [127.0.0.1]内网IP[admin][Success][登录成功]
23:19:08.350 [http-nio-8080-exec-7] INFO  c.n.m.u.RedisUtils - [getHotNews,37] - Getting hot news, count: 6
23:21:17.556 [http-nio-8080-exec-21] INFO  c.n.m.u.RedisUtils - [getHotNews,37] - Getting hot news, count: 6
23:21:17.755 [http-nio-8080-exec-23] INFO  c.n.m.u.RedisUtils - [getHotNews,37] - Getting hot news, count: 6
23:30:01.454 [schedule-pool-2] INFO  c.n.m.u.RedisUtils - [clearHotNews,44] - Clearing hot news data
23:30:01.457 [schedule-pool-2] INFO  c.n.m.u.RedisUtils - [increment,32] - Incrementing key: 1, delta: 1.2325790002901046E-179
23:30:01.460 [schedule-pool-2] INFO  c.n.m.u.RedisUtils - [increment,32] - Incrementing key: 2, delta: 0.0
23:30:01.461 [schedule-pool-2] INFO  c.n.m.u.RedisUtils - [increment,32] - Incrementing key: 8, delta: 6.154108727833049E-176
23:30:01.462 [schedule-pool-2] INFO  c.n.m.u.RedisUtils - [increment,32] - Incrementing key: 10, delta: 5.09410710229986E-175
23:30:01.463 [schedule-pool-2] INFO  c.n.m.u.RedisUtils - [increment,32] - Incrementing key: 11, delta: 0.0
23:30:01.466 [schedule-pool-2] INFO  c.n.m.u.RedisUtils - [increment,32] - Incrementing key: 12, delta: 2.692222765952666E-175
23:30:01.467 [schedule-pool-2] INFO  c.n.m.u.RedisUtils - [increment,32] - Incrementing key: 15, delta: 8.84652073179892E-175
23:30:01.469 [schedule-pool-2] INFO  c.n.m.u.RedisUtils - [increment,32] - Incrementing key: 16, delta: 3.5988601039465924E-175
23:30:01.478 [schedule-pool-2] INFO  c.n.m.u.RedisUtils - [increment,32] - Incrementing key: 19, delta: 1.5769907637541785E-175
23:30:01.481 [schedule-pool-2] INFO  c.n.m.u.RedisUtils - [increment,32] - Incrementing key: 23, delta: 8.149656431262441E-166
23:30:01.485 [schedule-pool-2] INFO  c.n.m.u.RedisUtils - [increment,32] - Incrementing key: 26, delta: 2.89094441724164E-165
23:30:01.486 [schedule-pool-2] INFO  c.n.m.u.RedisUtils - [increment,32] - Incrementing key: 30, delta: 1.3923301688853574E-162
23:30:01.487 [schedule-pool-2] INFO  c.n.m.u.RedisUtils - [increment,32] - Incrementing key: 31, delta: 5.604821672848798E-163
23:30:01.488 [schedule-pool-2] INFO  c.n.m.u.RedisUtils - [increment,32] - Incrementing key: 32, delta: 1.0432934211830625E-162
23:30:01.490 [schedule-pool-2] INFO  c.n.m.u.RedisUtils - [increment,32] - Incrementing key: 33, delta: 8.513013560369915E-160
23:30:01.491 [schedule-pool-2] INFO  c.n.m.u.RedisUtils - [increment,32] - Incrementing key: 34, delta: 2.629002669537139E-160
23:30:01.492 [schedule-pool-2] INFO  c.n.m.u.RedisUtils - [increment,32] - Incrementing key: 35, delta: 7.240809773741519E-161
23:30:01.493 [schedule-pool-2] INFO  c.n.m.u.RedisUtils - [increment,32] - Incrementing key: 36, delta: 7.27297850809092E-161
23:30:01.494 [schedule-pool-2] INFO  c.n.m.u.RedisUtils - [increment,32] - Incrementing key: 38, delta: 0.0
23:30:01.499 [schedule-pool-2] INFO  c.n.m.u.RedisUtils - [increment,32] - Incrementing key: 39, delta: 0.0
23:30:01.500 [schedule-pool-2] INFO  c.n.m.u.RedisUtils - [increment,32] - Incrementing key: 43, delta: 0.0
23:30:01.500 [schedule-pool-2] INFO  c.n.m.u.RedisUtils - [increment,32] - Incrementing key: 44, delta: 0.0
23:30:01.501 [schedule-pool-2] INFO  c.n.m.u.RedisUtils - [increment,32] - Incrementing key: 45, delta: 0.0
23:30:01.503 [schedule-pool-2] INFO  c.n.m.u.RedisUtils - [increment,32] - Incrementing key: 46, delta: 7.496901969522221E-161
23:30:01.503 [schedule-pool-2] INFO  c.n.m.u.RedisUtils - [increment,32] - Incrementing key: 47, delta: 3.2592026546990276E-160
23:30:01.504 [schedule-pool-2] INFO  c.n.m.u.RedisUtils - [increment,32] - Incrementing key: 48, delta: 1.5070879143691246E-160
23:37:10.957 [http-nio-8080-exec-19] INFO  c.n.m.u.RedisUtils - [getHotNews,37] - Getting hot news, count: 6
23:37:11.071 [http-nio-8080-exec-30] INFO  c.n.m.u.RedisUtils - [getHotNews,37] - Getting hot news, count: 6
23:49:54.047 [http-nio-8080-exec-48] INFO  c.n.m.u.RedisUtils - [getHotNews,37] - Getting hot news, count: 6
23:49:54.146 [http-nio-8080-exec-50] INFO  c.n.m.u.RedisUtils - [getHotNews,37] - Getting hot news, count: 6
23:53:27.951 [http-nio-8080-exec-54] INFO  c.n.m.u.RedisUtils - [getHotNews,37] - Getting hot news, count: 6
23:53:28.064 [http-nio-8080-exec-59] INFO  c.n.m.u.RedisUtils - [getHotNews,37] - Getting hot news, count: 6
23:54:58.199 [http-nio-8080-exec-66] INFO  c.n.m.u.RedisUtils - [getHotNews,37] - Getting hot news, count: 6
23:54:58.306 [http-nio-8080-exec-68] INFO  c.n.m.u.RedisUtils - [getHotNews,37] - Getting hot news, count: 6
