00:00:00.019 [schedule-pool-1] INFO  c.n.m.u.RedisUtils - [clearHotNews,44] - Clearing hot news data
00:00:00.024 [schedule-pool-1] INFO  c.n.m.u.RedisUtils - [increment,32] - Incrementing key: 1, delta: 1.2071859317622397E-179
00:00:00.025 [schedule-pool-1] INFO  c.n.m.u.RedisUtils - [increment,32] - Incrementing key: 2, delta: 0.0
00:00:00.027 [schedule-pool-1] INFO  c.n.m.u.RedisUtils - [increment,32] - Incrementing key: 8, delta: 6.027324466028222E-176
00:00:00.029 [schedule-pool-1] INFO  c.n.m.u.RedisUtils - [increment,32] - Incrementing key: 10, delta: 4.9891604735594803E-175
00:00:00.029 [schedule-pool-1] INFO  c.n.m.u.RedisUtils - [increment,32] - Incrementing key: 11, delta: 0.0
00:00:00.030 [schedule-pool-1] INFO  c.n.m.u.RedisUtils - [increment,32] - Incrementing key: 12, delta: 2.636758828692572E-175
00:00:00.031 [schedule-pool-1] INFO  c.n.m.u.RedisUtils - [increment,32] - Incrementing key: 15, delta: 8.664268773660412E-175
00:00:00.032 [schedule-pool-1] INFO  c.n.m.u.RedisUtils - [increment,32] - Incrementing key: 16, delta: 3.524718081337072E-175
00:00:00.033 [schedule-pool-1] INFO  c.n.m.u.RedisUtils - [increment,32] - Incrementing key: 19, delta: 1.5445024850177312E-175
00:00:00.033 [schedule-pool-1] INFO  c.n.m.u.RedisUtils - [increment,32] - Incrementing key: 23, delta: 7.98176206004853E-166
00:00:00.034 [schedule-pool-1] INFO  c.n.m.u.RedisUtils - [increment,32] - Incrementing key: 26, delta: 2.8313869993269937E-165
00:00:00.035 [schedule-pool-1] INFO  c.n.m.u.RedisUtils - [increment,32] - Incrementing key: 30, delta: 1.3636462587939296E-162
00:00:00.036 [schedule-pool-1] INFO  c.n.m.u.RedisUtils - [increment,32] - Incrementing key: 31, delta: 5.4893546632736304E-163
00:00:00.037 [schedule-pool-1] INFO  c.n.m.u.RedisUtils - [increment,32] - Incrementing key: 32, delta: 1.0218001465554284E-162
00:00:00.038 [schedule-pool-1] INFO  c.n.m.u.RedisUtils - [increment,32] - Incrementing key: 33, delta: 8.741067806616622E-160
00:00:00.038 [schedule-pool-1] INFO  c.n.m.u.RedisUtils - [increment,32] - Incrementing key: 34, delta: 2.5748416702990037E-160
00:00:00.039 [schedule-pool-1] INFO  c.n.m.u.RedisUtils - [increment,32] - Incrementing key: 35, delta: 7.091639330826699E-161
00:00:00.040 [schedule-pool-1] INFO  c.n.m.u.RedisUtils - [increment,32] - Incrementing key: 36, delta: 7.123145345880766E-161
00:00:00.047 [schedule-pool-1] INFO  c.n.m.u.RedisUtils - [increment,32] - Incrementing key: 38, delta: 0.0
00:00:00.050 [schedule-pool-1] INFO  c.n.m.u.RedisUtils - [increment,32] - Incrementing key: 39, delta: 0.0
00:00:00.051 [schedule-pool-1] INFO  c.n.m.u.RedisUtils - [increment,32] - Incrementing key: 43, delta: 0.0
00:00:00.052 [schedule-pool-1] INFO  c.n.m.u.RedisUtils - [increment,32] - Incrementing key: 44, delta: 0.0
00:00:00.052 [schedule-pool-1] INFO  c.n.m.u.RedisUtils - [increment,32] - Incrementing key: 45, delta: 0.0
00:00:00.053 [schedule-pool-1] INFO  c.n.m.u.RedisUtils - [increment,32] - Incrementing key: 46, delta: 7.34245542718148E-161
00:00:00.054 [schedule-pool-1] INFO  c.n.m.u.RedisUtils - [increment,32] - Incrementing key: 47, delta: 3.19205853839258E-160
00:00:00.055 [schedule-pool-1] INFO  c.n.m.u.RedisUtils - [increment,32] - Incrementing key: 48, delta: 1.476039803242759E-160
00:00:01.443 [schedule-pool-3] INFO  c.n.m.u.RedisUtils - [getHotNews,37] - Getting hot news, count: 5
00:27:56.015 [http-nio-8080-exec-74] INFO  c.n.m.u.RedisUtils - [getHotNews,37] - Getting hot news, count: 6
00:27:56.136 [http-nio-8080-exec-77] INFO  c.n.m.u.RedisUtils - [getHotNews,37] - Getting hot news, count: 6
00:30:00.027 [schedule-pool-2] INFO  c.n.m.u.RedisUtils - [clearHotNews,44] - Clearing hot news data
00:30:00.028 [schedule-pool-2] INFO  c.n.m.u.RedisUtils - [increment,32] - Incrementing key: 1, delta: 1.1822963363857715E-179
00:30:00.029 [schedule-pool-2] INFO  c.n.m.u.RedisUtils - [increment,32] - Incrementing key: 2, delta: 0.0
00:30:00.029 [schedule-pool-2] INFO  c.n.m.u.RedisUtils - [increment,32] - Incrementing key: 8, delta: 5.9030540464850544E-176
00:30:00.030 [schedule-pool-2] INFO  c.n.m.u.RedisUtils - [increment,32] - Incrementing key: 10, delta: 4.8862948110518365E-175
00:30:00.031 [schedule-pool-2] INFO  c.n.m.u.RedisUtils - [increment,32] - Incrementing key: 11, delta: 0.0
00:30:00.033 [schedule-pool-2] INFO  c.n.m.u.RedisUtils - [increment,32] - Incrementing key: 12, delta: 2.5823945236228776E-175
00:30:00.033 [schedule-pool-2] INFO  c.n.m.u.RedisUtils - [increment,32] - Incrementing key: 15, delta: 8.485630254761471E-175
00:30:00.034 [schedule-pool-2] INFO  c.n.m.u.RedisUtils - [increment,32] - Incrementing key: 16, delta: 3.452046003169065E-175
00:30:00.035 [schedule-pool-2] INFO  c.n.m.u.RedisUtils - [increment,32] - Incrementing key: 19, delta: 1.5126581778329388E-175
00:30:00.035 [schedule-pool-2] INFO  c.n.m.u.RedisUtils - [increment,32] - Incrementing key: 23, delta: 7.817195356283603E-166
00:30:00.036 [schedule-pool-2] INFO  c.n.m.u.RedisUtils - [increment,32] - Incrementing key: 26, delta: 2.773009911403877E-165
00:30:00.036 [schedule-pool-2] INFO  c.n.m.u.RedisUtils - [increment,32] - Incrementing key: 30, delta: 1.335530832044296E-162
00:30:00.037 [schedule-pool-2] INFO  c.n.m.u.RedisUtils - [increment,32] - Incrementing key: 31, delta: 5.376176081993665E-163
00:30:00.037 [schedule-pool-2] INFO  c.n.m.u.RedisUtils - [increment,32] - Incrementing key: 32, delta: 1.0007328564180553E-162
00:30:00.038 [schedule-pool-2] INFO  c.n.m.u.RedisUtils - [increment,32] - Incrementing key: 33, delta: 8.560846055608629E-160
00:30:00.038 [schedule-pool-2] INFO  c.n.m.u.RedisUtils - [increment,32] - Incrementing key: 34, delta: 2.5217540516399164E-160
00:30:00.039 [schedule-pool-2] INFO  c.n.m.u.RedisUtils - [increment,32] - Incrementing key: 35, delta: 6.945425197039206E-161
00:30:00.041 [schedule-pool-2] INFO  c.n.m.u.RedisUtils - [increment,32] - Incrementing key: 36, delta: 6.976281546044016E-161
00:30:00.041 [schedule-pool-2] INFO  c.n.m.u.RedisUtils - [increment,32] - Incrementing key: 38, delta: 0.0
00:30:00.042 [schedule-pool-2] INFO  c.n.m.u.RedisUtils - [increment,32] - Incrementing key: 39, delta: 0.0
00:30:00.043 [schedule-pool-2] INFO  c.n.m.u.RedisUtils - [increment,32] - Incrementing key: 43, delta: 0.0
00:30:00.043 [schedule-pool-2] INFO  c.n.m.u.RedisUtils - [increment,32] - Incrementing key: 44, delta: 0.0
00:30:00.044 [schedule-pool-2] INFO  c.n.m.u.RedisUtils - [increment,32] - Incrementing key: 45, delta: 0.0
00:30:00.045 [schedule-pool-2] INFO  c.n.m.u.RedisUtils - [increment,32] - Incrementing key: 46, delta: 7.191070678440337E-161
00:30:00.045 [schedule-pool-2] INFO  c.n.m.u.RedisUtils - [increment,32] - Incrementing key: 47, delta: 3.126245579918492E-160
00:30:00.047 [schedule-pool-2] INFO  c.n.m.u.RedisUtils - [increment,32] - Incrementing key: 48, delta: 1.4456072160841593E-160
00:30:09.241 [http-nio-8080-exec-84] INFO  c.n.m.u.RedisUtils - [getHotNews,37] - Getting hot news, count: 6
00:30:09.333 [http-nio-8080-exec-86] INFO  c.n.m.u.RedisUtils - [getHotNews,37] - Getting hot news, count: 6
00:32:44.661 [http-nio-8080-exec-93] INFO  c.n.m.u.RedisUtils - [getHotNews,37] - Getting hot news, count: 6
00:32:44.762 [http-nio-8080-exec-95] INFO  c.n.m.u.RedisUtils - [getHotNews,37] - Getting hot news, count: 6
00:32:50.111 [schedule-pool-5] INFO  sys-user - [run,55] - [127.0.0.1]内网IP[admin][Success][登录成功]
00:32:50.636 [http-nio-8080-exec-3] INFO  c.n.m.u.RedisUtils - [getHotNews,37] - Getting hot news, count: 6
00:36:13.917 [http-nio-8080-exec-14] INFO  c.n.m.u.RedisUtils - [getHotNews,37] - Getting hot news, count: 6
00:36:14.012 [http-nio-8080-exec-15] INFO  c.n.m.u.RedisUtils - [getHotNews,37] - Getting hot news, count: 6
00:43:14.072 [http-nio-8080-exec-21] INFO  c.n.m.u.RedisUtils - [getHotNews,37] - Getting hot news, count: 6
00:43:14.167 [http-nio-8080-exec-31] INFO  c.n.m.u.RedisUtils - [getHotNews,37] - Getting hot news, count: 6
00:43:14.949 [http-nio-8080-exec-27] INFO  c.n.m.u.RedisUtils - [getHotNews,37] - Getting hot news, count: 6
00:43:15.043 [http-nio-8080-exec-34] INFO  c.n.m.u.RedisUtils - [getHotNews,37] - Getting hot news, count: 6
00:43:15.222 [http-nio-8080-exec-41] INFO  c.n.m.u.RedisUtils - [getHotNews,37] - Getting hot news, count: 6
00:43:15.329 [http-nio-8080-exec-42] INFO  c.n.m.u.RedisUtils - [getHotNews,37] - Getting hot news, count: 6
00:50:57.142 [http-nio-8080-exec-51] INFO  c.n.m.u.RedisUtils - [getHotNews,37] - Getting hot news, count: 6
00:50:57.239 [http-nio-8080-exec-52] INFO  c.n.m.u.RedisUtils - [getHotNews,37] - Getting hot news, count: 6
01:00:00.012 [schedule-pool-3] INFO  c.n.m.u.RedisUtils - [clearHotNews,44] - Clearing hot news data
01:00:00.014 [schedule-pool-3] INFO  c.n.m.u.RedisUtils - [increment,32] - Incrementing key: 1, delta: 1.1579201525353416E-179
01:00:00.014 [schedule-pool-3] INFO  c.n.m.u.RedisUtils - [increment,32] - Incrementing key: 2, delta: 0.0
01:00:00.016 [schedule-pool-3] INFO  c.n.m.u.RedisUtils - [increment,32] - Incrementing key: 8, delta: 5.78134681844121E-176
01:00:00.017 [schedule-pool-3] INFO  c.n.m.u.RedisUtils - [increment,32] - Incrementing key: 10, delta: 4.7855507907235366E-175
01:00:00.017 [schedule-pool-3] INFO  c.n.m.u.RedisUtils - [increment,32] - Incrementing key: 11, delta: 0.0
01:00:00.018 [schedule-pool-3] INFO  c.n.m.u.RedisUtils - [increment,32] - Incrementing key: 12, delta: 2.529151620692317E-175
01:00:00.019 [schedule-pool-3] INFO  c.n.m.u.RedisUtils - [increment,32] - Incrementing key: 15, delta: 8.310676415515756E-175
01:00:00.019 [schedule-pool-3] INFO  c.n.m.u.RedisUtils - [increment,32] - Incrementing key: 16, delta: 3.3808729315964414E-175
01:00:00.020 [schedule-pool-3] INFO  c.n.m.u.RedisUtils - [increment,32] - Incrementing key: 19, delta: 1.4814707230143496E-175
01:00:00.022 [schedule-pool-3] INFO  c.n.m.u.RedisUtils - [increment,32] - Incrementing key: 23, delta: 7.656022991877248E-166
01:00:00.023 [schedule-pool-3] INFO  c.n.m.u.RedisUtils - [increment,32] - Incrementing key: 26, delta: 2.7158369045166987E-165
01:00:00.024 [schedule-pool-3] INFO  c.n.m.u.RedisUtils - [increment,32] - Incrementing key: 30, delta: 1.3079952811886794E-162
01:00:00.024 [schedule-pool-3] INFO  c.n.m.u.RedisUtils - [increment,32] - Incrementing key: 31, delta: 5.265331850641137E-163
01:00:00.037 [schedule-pool-3] INFO  c.n.m.u.RedisUtils - [increment,32] - Incrementing key: 32, delta: 9.800999278485207E-163
01:00:00.039 [schedule-pool-3] INFO  c.n.m.u.RedisUtils - [increment,32] - Incrementing key: 33, delta: 8.384339986941758E-160
01:00:00.040 [schedule-pool-3] INFO  c.n.m.u.RedisUtils - [increment,32] - Incrementing key: 34, delta: 2.4697609267057228E-160
01:00:00.041 [schedule-pool-3] INFO  c.n.m.u.RedisUtils - [increment,32] - Incrementing key: 35, delta: 6.8022255222902366E-161
01:00:00.042 [schedule-pool-3] INFO  c.n.m.u.RedisUtils - [increment,32] - Incrementing key: 36, delta: 6.8324457590664646E-161
01:00:00.043 [schedule-pool-3] INFO  c.n.m.u.RedisUtils - [increment,32] - Incrementing key: 38, delta: 0.0
01:00:00.043 [schedule-pool-3] INFO  c.n.m.u.RedisUtils - [increment,32] - Incrementing key: 39, delta: 0.0
01:00:00.044 [schedule-pool-3] INFO  c.n.m.u.RedisUtils - [increment,32] - Incrementing key: 43, delta: 0.0
01:00:00.044 [schedule-pool-3] INFO  c.n.m.u.RedisUtils - [increment,32] - Incrementing key: 44, delta: 0.0
01:00:00.046 [schedule-pool-3] INFO  c.n.m.u.RedisUtils - [increment,32] - Incrementing key: 45, delta: 0.0
01:00:00.046 [schedule-pool-3] INFO  c.n.m.u.RedisUtils - [increment,32] - Incrementing key: 46, delta: 7.042806405643893E-161
01:00:00.047 [schedule-pool-3] INFO  c.n.m.u.RedisUtils - [increment,32] - Incrementing key: 47, delta: 3.061789144562947E-160
01:00:00.048 [schedule-pool-3] INFO  c.n.m.u.RedisUtils - [increment,32] - Incrementing key: 48, delta: 1.4158019322500567E-160
15:03:45.839 [background-preinit] INFO  o.h.v.i.util.Version - [<clinit>,21] - HV000001: Hibernate Validator 6.2.5.Final
15:03:45.839 [restartedMain] INFO  c.n.NewsRecApplication - [logStarting,55] - Starting NewsRecApplication using Java 1.8.0_391 on LAPTOP-HELLSP04 with PID 16984 (D:\25\newres-master\newres-master\newsrec\newsrec-admin\target\classes started by 李金博 in D:\25\newres-master\newres-master)
15:03:45.844 [restartedMain] INFO  c.n.NewsRecApplication - [logStartupProfileInfo,686] - The following 1 profile is active: "druid"
15:03:48.903 [restartedMain] INFO  o.a.c.h.Http11NioProtocol - [log,173] - Initializing ProtocolHandler ["http-nio-8080"]
15:03:48.915 [restartedMain] INFO  o.a.c.c.StandardService - [log,173] - Starting service [Tomcat]
15:03:48.915 [restartedMain] INFO  o.a.c.c.StandardEngine - [log,173] - Starting Servlet engine: [Apache Tomcat/9.0.96]
15:03:49.019 [restartedMain] INFO  o.a.c.c.C.[.[.[/] - [log,173] - Initializing Spring embedded WebApplicationContext
15:03:50.054 [restartedMain] INFO  c.a.d.p.DruidDataSource - [init,1002] - {dataSource-1} inited
15:03:52.433 [restartedMain] INFO  o.d.x.f.s.c.FileStorageServiceBuilder - [lambda$buildAliyunOssFileStorage$5,325] - 加载阿里云 OSS 存储平台：aliyun-oss-1
15:03:53.568 [restartedMain] INFO  o.q.i.StdSchedulerFactory - [instantiate,1220] - Using default implementation for ThreadExecutor
15:03:53.584 [restartedMain] INFO  o.q.c.SchedulerSignalerImpl - [<init>,61] - Initialized Scheduler Signaller of type: class org.quartz.core.SchedulerSignalerImpl
15:03:53.586 [restartedMain] INFO  o.q.c.QuartzScheduler - [<init>,229] - Quartz Scheduler v.2.3.2 created.
15:03:53.586 [restartedMain] INFO  o.q.s.RAMJobStore - [initialize,155] - RAMJobStore initialized.
15:03:53.588 [restartedMain] INFO  o.q.c.QuartzScheduler - [initialize,294] - Scheduler meta-data: Quartz Scheduler (v2.3.2) 'quartzScheduler' with instanceId 'NON_CLUSTERED'
  Scheduler class: 'org.quartz.core.QuartzScheduler' - running locally.
  NOT STARTED.
  Currently in standby mode.
  Number of jobs executed: 0
  Using thread pool 'org.quartz.simpl.SimpleThreadPool' - with 10 threads.
  Using job-store 'org.quartz.simpl.RAMJobStore' - which does not support persistence. and is not clustered.

15:03:53.588 [restartedMain] INFO  o.q.i.StdSchedulerFactory - [instantiate,1374] - Quartz scheduler 'quartzScheduler' initialized from an externally provided properties instance.
15:03:53.589 [restartedMain] INFO  o.q.i.StdSchedulerFactory - [instantiate,1378] - Quartz scheduler version: 2.3.2
15:03:53.589 [restartedMain] INFO  o.q.c.QuartzScheduler - [setJobFactory,2293] - JobFactory set to: org.springframework.scheduling.quartz.SpringBeanJobFactory@161a0a04
15:03:57.643 [restartedMain] INFO  o.a.c.h.Http11NioProtocol - [log,173] - Starting ProtocolHandler ["http-nio-8080"]
15:03:58.211 [restartedMain] INFO  o.q.c.QuartzScheduler - [start,547] - Scheduler quartzScheduler_$_NON_CLUSTERED started.
15:03:58.249 [restartedMain] INFO  c.n.NewsRecApplication - [logStarted,61] - Started NewsRecApplication in 12.918 seconds (JVM running for 14.564)
15:05:41.234 [http-nio-8080-exec-1] INFO  o.a.t.u.h.p.Cookie - [log,173] - A cookie header was received [Hm_lvt_d9c8b87d10717013641458b300c552e4=1749116405,1749129883,1749172685,1749175317;] that contained an invalid cookie. That cookie will be ignored.
 Note: further occurrences of this error will be logged at DEBUG level.
15:05:41.251 [http-nio-8080-exec-1] INFO  o.a.c.c.C.[.[.[/] - [log,173] - Initializing Spring DispatcherServlet 'dispatcherServlet'
15:05:43.387 [http-nio-8080-exec-9] INFO  c.n.m.u.RedisUtils - [getHotNews,37] - Getting hot news, count: 6
15:05:43.669 [http-nio-8080-exec-8] INFO  c.n.m.u.RedisUtils - [getHotNews,37] - Getting hot news, count: 6
15:07:54.395 [schedule-pool-1] INFO  sys-user - [run,55] - [127.0.0.1]内网IP[admin][Success][登录成功]
15:07:55.029 [http-nio-8080-exec-17] INFO  c.n.m.u.RedisUtils - [getHotNews,37] - Getting hot news, count: 6
15:27:55.832 [restartedMain] INFO  c.n.NewsRecApplication - [logStarting,55] - Starting NewsRecApplication using Java 1.8.0_391 on LAPTOP-HELLSP04 with PID 18148 (D:\25\newres-master\newres-master\newsrec\newsrec-admin\target\classes started by 李金博 in D:\25\newres-master\newres-master)
15:27:55.832 [restartedMain] INFO  c.n.NewsRecApplication - [logStartupProfileInfo,686] - The following 1 profile is active: "druid"
15:27:55.842 [background-preinit] INFO  o.h.v.i.util.Version - [<clinit>,21] - HV000001: Hibernate Validator 6.2.5.Final
15:27:58.404 [restartedMain] INFO  o.a.c.h.Http11NioProtocol - [log,173] - Initializing ProtocolHandler ["http-nio-8080"]
15:27:58.404 [restartedMain] INFO  o.a.c.c.StandardService - [log,173] - Starting service [Tomcat]
15:27:58.419 [restartedMain] INFO  o.a.c.c.StandardEngine - [log,173] - Starting Servlet engine: [Apache Tomcat/9.0.96]
15:27:58.514 [restartedMain] INFO  o.a.c.c.C.[.[.[/] - [log,173] - Initializing Spring embedded WebApplicationContext
15:27:59.354 [restartedMain] INFO  c.a.d.p.DruidDataSource - [init,1002] - {dataSource-1} inited
15:28:00.791 [restartedMain] INFO  o.d.x.f.s.c.FileStorageServiceBuilder - [lambda$buildAliyunOssFileStorage$5,325] - 加载阿里云 OSS 存储平台：aliyun-oss-1
15:28:01.395 [restartedMain] INFO  o.q.i.StdSchedulerFactory - [instantiate,1220] - Using default implementation for ThreadExecutor
15:28:01.411 [restartedMain] INFO  o.q.c.SchedulerSignalerImpl - [<init>,61] - Initialized Scheduler Signaller of type: class org.quartz.core.SchedulerSignalerImpl
15:28:01.411 [restartedMain] INFO  o.q.c.QuartzScheduler - [<init>,229] - Quartz Scheduler v.2.3.2 created.
15:28:01.411 [restartedMain] INFO  o.q.s.RAMJobStore - [initialize,155] - RAMJobStore initialized.
15:28:01.411 [restartedMain] INFO  o.q.c.QuartzScheduler - [initialize,294] - Scheduler meta-data: Quartz Scheduler (v2.3.2) 'quartzScheduler' with instanceId 'NON_CLUSTERED'
  Scheduler class: 'org.quartz.core.QuartzScheduler' - running locally.
  NOT STARTED.
  Currently in standby mode.
  Number of jobs executed: 0
  Using thread pool 'org.quartz.simpl.SimpleThreadPool' - with 10 threads.
  Using job-store 'org.quartz.simpl.RAMJobStore' - which does not support persistence. and is not clustered.

15:28:01.411 [restartedMain] INFO  o.q.i.StdSchedulerFactory - [instantiate,1374] - Quartz scheduler 'quartzScheduler' initialized from an externally provided properties instance.
15:28:01.411 [restartedMain] INFO  o.q.i.StdSchedulerFactory - [instantiate,1378] - Quartz scheduler version: 2.3.2
15:28:01.411 [restartedMain] INFO  o.q.c.QuartzScheduler - [setJobFactory,2293] - JobFactory set to: org.springframework.scheduling.quartz.SpringBeanJobFactory@430b25f8
15:28:03.167 [restartedMain] INFO  o.a.c.h.Http11NioProtocol - [log,173] - Starting ProtocolHandler ["http-nio-8080"]
15:28:03.382 [restartedMain] INFO  o.q.c.QuartzScheduler - [start,547] - Scheduler quartzScheduler_$_NON_CLUSTERED started.
15:28:03.398 [restartedMain] INFO  c.n.NewsRecApplication - [logStarted,61] - Started NewsRecApplication in 7.976 seconds (JVM running for 9.092)
15:30:00.042 [schedule-pool-1] INFO  c.n.m.u.RedisUtils - [clearHotNews,44] - Clearing hot news data
15:30:00.067 [schedule-pool-1] INFO  c.n.m.u.RedisUtils - [increment,32] - Incrementing key: 1, delta: 6.328373402908195E-180
15:30:00.074 [schedule-pool-1] INFO  c.n.m.u.RedisUtils - [increment,32] - Incrementing key: 2, delta: 0.0
15:30:00.074 [schedule-pool-1] INFO  c.n.m.u.RedisUtils - [increment,32] - Incrementing key: 8, delta: 3.159675495881628E-176
15:30:00.074 [schedule-pool-1] INFO  c.n.m.u.RedisUtils - [increment,32] - Incrementing key: 10, delta: 2.615443808789314E-175
15:30:00.074 [schedule-pool-1] INFO  c.n.m.u.RedisUtils - [increment,32] - Incrementing key: 11, delta: 0.0
15:30:00.074 [schedule-pool-1] INFO  c.n.m.u.RedisUtils - [increment,32] - Incrementing key: 12, delta: 1.3822555257823887E-175
15:30:00.083 [schedule-pool-1] INFO  c.n.m.u.RedisUtils - [increment,32] - Incrementing key: 15, delta: 4.542027943558233E-175
15:30:00.083 [schedule-pool-1] INFO  c.n.m.u.RedisUtils - [increment,32] - Incrementing key: 16, delta: 1.8477460270577224E-175
15:30:00.083 [schedule-pool-1] INFO  c.n.m.u.RedisUtils - [increment,32] - Incrementing key: 19, delta: 8.096671273126277E-176
15:30:00.083 [schedule-pool-1] INFO  c.n.m.u.RedisUtils - [increment,32] - Incrementing key: 23, delta: 4.18424082883742E-166
15:30:00.083 [schedule-pool-1] INFO  c.n.m.u.RedisUtils - [increment,32] - Incrementing key: 26, delta: 1.4842844390518416E-165
15:30:00.093 [schedule-pool-1] INFO  c.n.m.u.RedisUtils - [increment,32] - Incrementing key: 30, delta: 7.148576693835426E-163
15:30:00.094 [schedule-pool-1] INFO  c.n.m.u.RedisUtils - [increment,32] - Incrementing key: 31, delta: 2.8776577911621495E-163
15:30:00.094 [schedule-pool-1] INFO  c.n.m.u.RedisUtils - [increment,32] - Incrementing key: 32, delta: 5.3565334490968844E-163
15:30:00.094 [schedule-pool-1] INFO  c.n.m.u.RedisUtils - [increment,32] - Incrementing key: 33, delta: 4.582287719053925E-160
15:30:00.097 [schedule-pool-1] INFO  c.n.m.u.RedisUtils - [increment,32] - Incrementing key: 34, delta: 1.349796754317855E-160
15:30:00.098 [schedule-pool-1] INFO  c.n.m.u.RedisUtils - [increment,32] - Incrementing key: 35, delta: 3.717615673988662E-161
15:30:00.098 [schedule-pool-1] INFO  c.n.m.u.RedisUtils - [increment,32] - Incrementing key: 36, delta: 3.7341319625955565E-161
15:30:00.098 [schedule-pool-1] INFO  c.n.m.u.RedisUtils - [increment,32] - Incrementing key: 38, delta: 0.0
15:30:00.098 [schedule-pool-1] INFO  c.n.m.u.RedisUtils - [increment,32] - Incrementing key: 39, delta: 0.0
15:30:00.098 [schedule-pool-1] INFO  c.n.m.u.RedisUtils - [increment,32] - Incrementing key: 43, delta: 0.0
15:30:00.098 [schedule-pool-1] INFO  c.n.m.u.RedisUtils - [increment,32] - Incrementing key: 44, delta: 0.0
15:30:00.098 [schedule-pool-1] INFO  c.n.m.u.RedisUtils - [increment,32] - Incrementing key: 45, delta: 0.0
15:30:00.098 [schedule-pool-1] INFO  c.n.m.u.RedisUtils - [increment,32] - Incrementing key: 46, delta: 3.8491004027842985E-161
15:30:00.098 [schedule-pool-1] INFO  c.n.m.u.RedisUtils - [increment,32] - Incrementing key: 47, delta: 1.6733576485270723E-160
15:30:00.098 [schedule-pool-1] INFO  c.n.m.u.RedisUtils - [increment,32] - Incrementing key: 48, delta: 7.737773268148494E-161
16:00:00.033 [schedule-pool-2] INFO  c.n.m.u.RedisUtils - [clearHotNews,44] - Clearing hot news data
16:00:00.035 [schedule-pool-2] INFO  c.n.m.u.RedisUtils - [increment,32] - Incrementing key: 1, delta: 6.197898443136303E-180
16:00:00.036 [schedule-pool-2] INFO  c.n.m.u.RedisUtils - [increment,32] - Incrementing key: 2, delta: 0.0
16:00:00.037 [schedule-pool-2] INFO  c.n.m.u.RedisUtils - [increment,32] - Incrementing key: 8, delta: 3.09453120465939E-176
16:00:00.039 [schedule-pool-2] INFO  c.n.m.u.RedisUtils - [increment,32] - Incrementing key: 10, delta: 2.561520100253985E-175
16:00:00.040 [schedule-pool-2] INFO  c.n.m.u.RedisUtils - [increment,32] - Incrementing key: 11, delta: 0.0
16:00:00.041 [schedule-pool-2] INFO  c.n.m.u.RedisUtils - [increment,32] - Incrementing key: 12, delta: 1.3537569490577332E-175
16:00:00.042 [schedule-pool-2] INFO  c.n.m.u.RedisUtils - [increment,32] - Incrementing key: 15, delta: 4.4483833459517855E-175
16:00:00.043 [schedule-pool-2] INFO  c.n.m.u.RedisUtils - [increment,32] - Incrementing key: 16, delta: 1.8096503723268042E-175
16:00:00.043 [schedule-pool-2] INFO  c.n.m.u.RedisUtils - [increment,32] - Incrementing key: 19, delta: 7.92973924417102E-176
16:00:00.045 [schedule-pool-2] INFO  c.n.m.u.RedisUtils - [increment,32] - Incrementing key: 23, delta: 4.097972712510809E-166
16:00:00.046 [schedule-pool-2] INFO  c.n.m.u.RedisUtils - [increment,32] - Incrementing key: 26, delta: 1.453682354160529E-165
16:00:00.047 [schedule-pool-2] INFO  c.n.m.u.RedisUtils - [increment,32] - Incrementing key: 30, delta: 7.001192363307955E-163
16:00:00.047 [schedule-pool-2] INFO  c.n.m.u.RedisUtils - [increment,32] - Incrementing key: 31, delta: 2.818328297751195E-163
16:00:00.048 [schedule-pool-2] INFO  c.n.m.u.RedisUtils - [increment,32] - Incrementing key: 32, delta: 5.246096206810046E-163
16:00:00.049 [schedule-pool-2] INFO  c.n.m.u.RedisUtils - [increment,32] - Incrementing key: 33, delta: 4.487813279176638E-160
16:00:00.050 [schedule-pool-2] INFO  c.n.m.u.RedisUtils - [increment,32] - Incrementing key: 34, delta: 1.3219676087233445E-160
16:00:00.052 [schedule-pool-2] INFO  c.n.m.u.RedisUtils - [increment,32] - Incrementing key: 35, delta: 3.640968486620337E-161
16:00:00.053 [schedule-pool-2] INFO  c.n.m.u.RedisUtils - [increment,32] - Incrementing key: 36, delta: 3.657144211667745E-161
16:00:00.054 [schedule-pool-2] INFO  c.n.m.u.RedisUtils - [increment,32] - Incrementing key: 38, delta: 0.0
16:00:00.055 [schedule-pool-2] INFO  c.n.m.u.RedisUtils - [increment,32] - Incrementing key: 39, delta: 0.0
16:00:00.056 [schedule-pool-2] INFO  c.n.m.u.RedisUtils - [increment,32] - Incrementing key: 43, delta: 0.0
16:00:00.056 [schedule-pool-2] INFO  c.n.m.u.RedisUtils - [increment,32] - Incrementing key: 44, delta: 0.0
16:00:00.058 [schedule-pool-2] INFO  c.n.m.u.RedisUtils - [increment,32] - Incrementing key: 45, delta: 0.0
16:00:00.059 [schedule-pool-2] INFO  c.n.m.u.RedisUtils - [increment,32] - Incrementing key: 46, delta: 3.769742050261138E-161
16:00:00.060 [schedule-pool-2] INFO  c.n.m.u.RedisUtils - [increment,32] - Incrementing key: 47, delta: 1.638857384755291E-160
16:00:00.060 [schedule-pool-2] INFO  c.n.m.u.RedisUtils - [increment,32] - Incrementing key: 48, delta: 7.578240595027705E-161
16:30:00.041 [schedule-pool-1] INFO  c.n.m.u.RedisUtils - [clearHotNews,44] - Clearing hot news data
16:30:00.044 [schedule-pool-1] INFO  c.n.m.u.RedisUtils - [increment,32] - Incrementing key: 1, delta: 6.070110664605004E-180
16:30:00.046 [schedule-pool-1] INFO  c.n.m.u.RedisUtils - [increment,32] - Incrementing key: 2, delta: 0.0
16:30:00.046 [schedule-pool-1] INFO  c.n.m.u.RedisUtils - [increment,32] - Incrementing key: 8, delta: 3.0307284057161344E-176
16:30:00.047 [schedule-pool-1] INFO  c.n.m.u.RedisUtils - [increment,32] - Incrementing key: 10, delta: 2.5087069110227984E-175
16:30:00.048 [schedule-pool-1] INFO  c.n.m.u.RedisUtils - [increment,32] - Incrementing key: 11, delta: 0.0
16:30:00.050 [schedule-pool-1] INFO  c.n.m.u.RedisUtils - [increment,32] - Incrementing key: 12, delta: 1.3258452956515736E-175
16:30:00.050 [schedule-pool-1] INFO  c.n.m.u.RedisUtils - [increment,32] - Incrementing key: 15, delta: 4.3566669813605744E-175
16:30:00.051 [schedule-pool-1] INFO  c.n.m.u.RedisUtils - [increment,32] - Incrementing key: 16, delta: 1.7723391649908763E-175
16:30:00.052 [schedule-pool-1] INFO  c.n.m.u.RedisUtils - [increment,32] - Incrementing key: 19, delta: 7.766244509360181E-176
16:30:00.052 [schedule-pool-1] INFO  c.n.m.u.RedisUtils - [increment,32] - Incrementing key: 23, delta: 4.013481129048469E-166
16:30:00.053 [schedule-pool-1] INFO  c.n.m.u.RedisUtils - [increment,32] - Incrementing key: 26, delta: 1.423710479633487E-165
16:30:00.054 [schedule-pool-1] INFO  c.n.m.u.RedisUtils - [increment,32] - Incrementing key: 30, delta: 6.856842493164605E-163
16:30:00.055 [schedule-pool-1] INFO  c.n.m.u.RedisUtils - [increment,32] - Incrementing key: 31, delta: 2.7602202603830783E-163
16:30:00.056 [schedule-pool-1] INFO  c.n.m.u.RedisUtils - [increment,32] - Incrementing key: 32, delta: 5.137932670764478E-163
16:30:00.057 [schedule-pool-1] INFO  c.n.m.u.RedisUtils - [increment,32] - Incrementing key: 33, delta: 4.3952839517964284E-160
16:30:00.058 [schedule-pool-1] INFO  c.n.m.u.RedisUtils - [increment,32] - Incrementing key: 34, delta: 1.2947114004000548E-160
16:30:00.060 [schedule-pool-1] INFO  c.n.m.u.RedisUtils - [increment,32] - Incrementing key: 35, delta: 3.565899328408539E-161
16:30:00.060 [schedule-pool-1] INFO  c.n.m.u.RedisUtils - [increment,32] - Incrementing key: 36, delta: 3.5817415852785E-161
16:30:00.061 [schedule-pool-1] INFO  c.n.m.u.RedisUtils - [increment,32] - Incrementing key: 38, delta: 0.0
16:30:00.063 [schedule-pool-1] INFO  c.n.m.u.RedisUtils - [increment,32] - Incrementing key: 39, delta: 0.0
16:30:00.064 [schedule-pool-1] INFO  c.n.m.u.RedisUtils - [increment,32] - Incrementing key: 43, delta: 0.0
16:30:00.064 [schedule-pool-1] INFO  c.n.m.u.RedisUtils - [increment,32] - Incrementing key: 44, delta: 0.0
16:30:00.065 [schedule-pool-1] INFO  c.n.m.u.RedisUtils - [increment,32] - Incrementing key: 45, delta: 0.0
16:30:00.066 [schedule-pool-1] INFO  c.n.m.u.RedisUtils - [increment,32] - Incrementing key: 46, delta: 3.692017893119061E-161
16:30:00.070 [schedule-pool-1] INFO  c.n.m.u.RedisUtils - [increment,32] - Incrementing key: 47, delta: 1.6050675346007305E-160
16:30:00.071 [schedule-pool-1] INFO  c.n.m.u.RedisUtils - [increment,32] - Incrementing key: 48, delta: 7.421992859681585E-161
17:00:00.051 [schedule-pool-2] INFO  c.n.m.u.RedisUtils - [clearHotNews,44] - Clearing hot news data
17:00:00.053 [schedule-pool-2] INFO  c.n.m.u.RedisUtils - [increment,32] - Incrementing key: 1, delta: 5.944957604356326E-180
17:00:00.054 [schedule-pool-2] INFO  c.n.m.u.RedisUtils - [increment,32] - Incrementing key: 2, delta: 0.0
17:00:00.055 [schedule-pool-2] INFO  c.n.m.u.RedisUtils - [increment,32] - Incrementing key: 8, delta: 2.968241087820975E-176
17:00:00.056 [schedule-pool-2] INFO  c.n.m.u.RedisUtils - [increment,32] - Incrementing key: 10, delta: 2.456982590902526E-175
17:00:00.059 [schedule-pool-2] INFO  c.n.m.u.RedisUtils - [increment,32] - Incrementing key: 11, delta: 0.0
17:00:00.060 [schedule-pool-2] INFO  c.n.m.u.RedisUtils - [increment,32] - Incrementing key: 12, delta: 1.2985091074726584E-175
17:00:00.060 [schedule-pool-2] INFO  c.n.m.u.RedisUtils - [increment,32] - Incrementing key: 15, delta: 4.266841517691277E-175
17:00:00.062 [schedule-pool-2] INFO  c.n.m.u.RedisUtils - [increment,32] - Incrementing key: 16, delta: 1.735797176474768E-175
17:00:00.063 [schedule-pool-2] INFO  c.n.m.u.RedisUtils - [increment,32] - Incrementing key: 19, delta: 7.606120519957158E-176
17:00:00.063 [schedule-pool-2] INFO  c.n.m.u.RedisUtils - [increment,32] - Incrementing key: 23, delta: 3.9307314024589396E-166
17:00:00.064 [schedule-pool-2] INFO  c.n.m.u.RedisUtils - [increment,32] - Incrementing key: 26, delta: 1.3943564976053592E-165
17:00:00.065 [schedule-pool-2] INFO  c.n.m.u.RedisUtils - [increment,32] - Incrementing key: 30, delta: 6.715468503021698E-163
17:00:00.066 [schedule-pool-2] INFO  c.n.m.u.RedisUtils - [increment,32] - Incrementing key: 31, delta: 2.703310195397241E-163
17:00:00.067 [schedule-pool-2] INFO  c.n.m.u.RedisUtils - [increment,32] - Incrementing key: 32, delta: 5.0319990659783584E-163
17:00:00.069 [schedule-pool-2] INFO  c.n.m.u.RedisUtils - [increment,32] - Incrementing key: 33, delta: 4.304662186410914E-160
17:00:00.070 [schedule-pool-2] INFO  c.n.m.u.RedisUtils - [increment,32] - Incrementing key: 34, delta: 1.2680170994046965E-160
17:00:00.071 [schedule-pool-2] INFO  c.n.m.u.RedisUtils - [increment,32] - Incrementing key: 35, delta: 3.4923778180329435E-161
17:00:00.071 [schedule-pool-2] INFO  c.n.m.u.RedisUtils - [increment,32] - Incrementing key: 36, delta: 3.507893440148088E-161
17:00:00.072 [schedule-pool-2] INFO  c.n.m.u.RedisUtils - [increment,32] - Incrementing key: 38, delta: 0.0
17:00:00.074 [schedule-pool-2] INFO  c.n.m.u.RedisUtils - [increment,32] - Incrementing key: 39, delta: 0.0
17:00:00.075 [schedule-pool-2] INFO  c.n.m.u.RedisUtils - [increment,32] - Incrementing key: 43, delta: 0.0
17:00:00.076 [schedule-pool-2] INFO  c.n.m.u.RedisUtils - [increment,32] - Incrementing key: 44, delta: 0.0
17:00:00.077 [schedule-pool-2] INFO  c.n.m.u.RedisUtils - [increment,32] - Incrementing key: 45, delta: 0.0
17:00:00.077 [schedule-pool-2] INFO  c.n.m.u.RedisUtils - [increment,32] - Incrementing key: 46, delta: 3.615896077319591E-161
17:00:00.078 [schedule-pool-2] INFO  c.n.m.u.RedisUtils - [increment,32] - Incrementing key: 47, delta: 1.5719743976680676E-160
17:00:00.080 [schedule-pool-2] INFO  c.n.m.u.RedisUtils - [increment,32] - Incrementing key: 48, delta: 7.268966799555641E-161
17:30:00.064 [schedule-pool-3] INFO  c.n.m.u.RedisUtils - [clearHotNews,44] - Clearing hot news data
17:30:00.073 [schedule-pool-3] INFO  c.n.m.u.RedisUtils - [increment,32] - Incrementing key: 1, delta: 5.822384198702172E-180
17:30:00.076 [schedule-pool-3] INFO  c.n.m.u.RedisUtils - [increment,32] - Incrementing key: 2, delta: 0.0
17:30:00.077 [schedule-pool-3] INFO  c.n.m.u.RedisUtils - [increment,32] - Incrementing key: 8, delta: 2.9070416910881012E-176
17:30:00.079 [schedule-pool-3] INFO  c.n.m.u.RedisUtils - [increment,32] - Incrementing key: 10, delta: 2.4063243287985206E-175
17:30:00.082 [schedule-pool-3] INFO  c.n.m.u.RedisUtils - [increment,32] - Incrementing key: 11, delta: 0.0
17:30:00.082 [schedule-pool-3] INFO  c.n.m.u.RedisUtils - [increment,32] - Incrementing key: 12, delta: 1.2717363583331937E-175
17:30:00.084 [schedule-pool-3] INFO  c.n.m.u.RedisUtils - [increment,32] - Incrementing key: 15, delta: 4.178867392194684E-175
17:30:00.084 [schedule-pool-3] INFO  c.n.m.u.RedisUtils - [increment,32] - Incrementing key: 16, delta: 1.7000083921719183E-175
17:30:00.085 [schedule-pool-3] INFO  c.n.m.u.RedisUtils - [increment,32] - Incrementing key: 19, delta: 7.449297009492032E-176
17:30:00.086 [schedule-pool-3] INFO  c.n.m.u.RedisUtils - [increment,32] - Incrementing key: 23, delta: 3.8496872703661676E-166
17:30:00.087 [schedule-pool-3] INFO  c.n.m.u.RedisUtils - [increment,32] - Incrementing key: 26, delta: 1.3656075446483225E-165
17:30:00.088 [schedule-pool-3] INFO  c.n.m.u.RedisUtils - [increment,32] - Incrementing key: 30, delta: 6.577008440326545E-163
17:30:00.090 [schedule-pool-3] INFO  c.n.m.u.RedisUtils - [increment,32] - Incrementing key: 31, delta: 2.6475731005460085E-163
17:30:00.091 [schedule-pool-3] INFO  c.n.m.u.RedisUtils - [increment,32] - Incrementing key: 32, delta: 4.928248852736353E-163
17:30:00.092 [schedule-pool-3] INFO  c.n.m.u.RedisUtils - [increment,32] - Incrementing key: 33, delta: 4.215908319730528E-160
17:30:00.093 [schedule-pool-3] INFO  c.n.m.u.RedisUtils - [increment,32] - Incrementing key: 34, delta: 1.241873022189071E-160
17:30:00.094 [schedule-pool-3] INFO  c.n.m.u.RedisUtils - [increment,32] - Incrementing key: 35, delta: 3.420371694942093E-161
17:30:00.095 [schedule-pool-3] INFO  c.n.m.u.RedisUtils - [increment,32] - Incrementing key: 36, delta: 3.4355673749655115E-161
17:30:00.096 [schedule-pool-3] INFO  c.n.m.u.RedisUtils - [increment,32] - Incrementing key: 38, delta: 0.0
17:30:00.101 [schedule-pool-3] INFO  c.n.m.u.RedisUtils - [increment,32] - Incrementing key: 39, delta: 0.0
17:30:00.115 [schedule-pool-3] INFO  c.n.m.u.RedisUtils - [increment,32] - Incrementing key: 43, delta: 0.0
17:30:00.115 [schedule-pool-3] INFO  c.n.m.u.RedisUtils - [increment,32] - Incrementing key: 44, delta: 0.0
17:30:00.116 [schedule-pool-3] INFO  c.n.m.u.RedisUtils - [increment,32] - Incrementing key: 45, delta: 0.0
17:30:00.117 [schedule-pool-3] INFO  c.n.m.u.RedisUtils - [increment,32] - Incrementing key: 46, delta: 3.541342548161499E-161
17:30:00.118 [schedule-pool-3] INFO  c.n.m.u.RedisUtils - [increment,32] - Incrementing key: 47, delta: 1.5395630018241924E-160
17:30:00.120 [schedule-pool-3] INFO  c.n.m.u.RedisUtils - [increment,32] - Incrementing key: 48, delta: 7.119093264295856E-161
18:00:00.072 [schedule-pool-5] INFO  c.n.m.u.RedisUtils - [clearHotNews,44] - Clearing hot news data
18:00:00.081 [schedule-pool-5] INFO  c.n.m.u.RedisUtils - [increment,32] - Incrementing key: 1, delta: 5.702338809078941E-180
18:00:00.083 [schedule-pool-5] INFO  c.n.m.u.RedisUtils - [increment,32] - Incrementing key: 2, delta: 0.0
18:00:00.086 [schedule-pool-5] INFO  c.n.m.u.RedisUtils - [increment,32] - Incrementing key: 8, delta: 2.8471045360652707E-176
18:00:00.086 [schedule-pool-5] INFO  c.n.m.u.RedisUtils - [increment,32] - Incrementing key: 10, delta: 2.3567109791919123E-175
18:00:00.089 [schedule-pool-5] INFO  c.n.m.u.RedisUtils - [increment,32] - Incrementing key: 11, delta: 0.0
18:00:00.091 [schedule-pool-5] INFO  c.n.m.u.RedisUtils - [increment,32] - Incrementing key: 12, delta: 1.2455157989614254E-175
18:00:00.091 [schedule-pool-5] INFO  c.n.m.u.RedisUtils - [increment,32] - Incrementing key: 15, delta: 4.092707930476517E-175
18:00:00.091 [schedule-pool-5] INFO  c.n.m.u.RedisUtils - [increment,32] - Incrementing key: 16, delta: 1.6649577925143456E-175
18:00:00.091 [schedule-pool-5] INFO  c.n.m.u.RedisUtils - [increment,32] - Incrementing key: 19, delta: 7.295708247894133E-176
18:00:00.091 [schedule-pool-5] INFO  c.n.m.u.RedisUtils - [increment,32] - Incrementing key: 23, delta: 3.770314898104939E-166
18:00:00.091 [schedule-pool-5] INFO  c.n.m.u.RedisUtils - [increment,32] - Incrementing key: 26, delta: 1.3374516340009682E-165
18:00:00.097 [schedule-pool-5] INFO  c.n.m.u.RedisUtils - [increment,32] - Incrementing key: 30, delta: 6.441404201941246E-163
18:00:00.098 [schedule-pool-5] INFO  c.n.m.u.RedisUtils - [increment,32] - Incrementing key: 31, delta: 2.592985678355453E-163
18:00:00.098 [schedule-pool-5] INFO  c.n.m.u.RedisUtils - [increment,32] - Incrementing key: 32, delta: 4.8266387204890275E-163
18:00:00.098 [schedule-pool-5] INFO  c.n.m.u.RedisUtils - [increment,32] - Incrementing key: 33, delta: 4.128985199735096E-160
18:00:00.098 [schedule-pool-5] INFO  c.n.m.u.RedisUtils - [increment,32] - Incrementing key: 34, delta: 1.2162682390220326E-160
18:00:00.103 [schedule-pool-5] INFO  c.n.m.u.RedisUtils - [increment,32] - Incrementing key: 35, delta: 3.34985074261335E-161
18:00:00.103 [schedule-pool-5] INFO  c.n.m.u.RedisUtils - [increment,32] - Incrementing key: 36, delta: 3.364733158254679E-161
18:00:00.106 [schedule-pool-5] INFO  c.n.m.u.RedisUtils - [increment,32] - Incrementing key: 38, delta: 0.0
18:00:00.109 [schedule-pool-5] INFO  c.n.m.u.RedisUtils - [increment,32] - Incrementing key: 39, delta: 0.0
18:00:00.110 [schedule-pool-5] INFO  c.n.m.u.RedisUtils - [increment,32] - Incrementing key: 43, delta: 0.0
18:00:00.111 [schedule-pool-5] INFO  c.n.m.u.RedisUtils - [increment,32] - Incrementing key: 44, delta: 0.0
18:00:00.113 [schedule-pool-5] INFO  c.n.m.u.RedisUtils - [increment,32] - Incrementing key: 45, delta: 0.0
18:00:00.115 [schedule-pool-5] INFO  c.n.m.u.RedisUtils - [increment,32] - Incrementing key: 46, delta: 3.4683278699450666E-161
18:00:00.117 [schedule-pool-5] INFO  c.n.m.u.RedisUtils - [increment,32] - Incrementing key: 47, delta: 1.5078205884750826E-160
18:00:00.118 [schedule-pool-5] INFO  c.n.m.u.RedisUtils - [increment,32] - Incrementing key: 48, delta: 6.972313251682675E-161
18:04:02.106 [http-nio-8080-exec-1] INFO  o.a.t.u.h.p.Cookie - [log,173] - A cookie header was received [Hm_lvt_d9c8b87d10717013641458b300c552e4=1749116405,1749129883,1749172685,1749175317;] that contained an invalid cookie. That cookie will be ignored.
 Note: further occurrences of this error will be logged at DEBUG level.
18:04:02.104 [http-nio-8080-exec-5] INFO  o.a.t.u.h.p.Cookie - [log,173] - A cookie header was received [Hm_lvt_d9c8b87d10717013641458b300c552e4=1749116405,1749129883,1749172685,1749175317;] that contained an invalid cookie. That cookie will be ignored.
 Note: further occurrences of this error will be logged at DEBUG level.
18:04:02.106 [http-nio-8080-exec-3] INFO  o.a.t.u.h.p.Cookie - [log,173] - A cookie header was received [Hm_lvt_d9c8b87d10717013641458b300c552e4=1749116405,1749129883,1749172685,1749175317;] that contained an invalid cookie. That cookie will be ignored.
 Note: further occurrences of this error will be logged at DEBUG level.
18:04:02.106 [http-nio-8080-exec-4] INFO  o.a.t.u.h.p.Cookie - [log,173] - A cookie header was received [Hm_lvt_d9c8b87d10717013641458b300c552e4=1749116405,1749129883,1749172685,1749175317;] that contained an invalid cookie. That cookie will be ignored.
 Note: further occurrences of this error will be logged at DEBUG level.
18:04:02.128 [http-nio-8080-exec-2] INFO  o.a.c.c.C.[.[.[/] - [log,173] - Initializing Spring DispatcherServlet 'dispatcherServlet'
18:04:03.274 [http-nio-8080-exec-5] INFO  c.n.m.u.RedisUtils - [getHotNews,37] - Getting hot news, count: 6
18:04:03.682 [http-nio-8080-exec-12] INFO  c.n.m.u.RedisUtils - [getHotNews,37] - Getting hot news, count: 6
18:04:11.700 [schedule-pool-6] INFO  sys-user - [run,55] - [127.0.0.1]内网IP[admin][Success][登录成功]
18:04:12.165 [http-nio-8080-exec-17] INFO  c.n.m.u.RedisUtils - [getHotNews,37] - Getting hot news, count: 6
18:04:58.112 [http-nio-8080-exec-24] INFO  c.n.m.u.RedisUtils - [getHotNews,37] - Getting hot news, count: 6
18:04:58.235 [http-nio-8080-exec-33] INFO  c.n.m.u.RedisUtils - [getHotNews,37] - Getting hot news, count: 6
18:04:59.289 [http-nio-8080-exec-40] INFO  c.n.m.u.RedisUtils - [getHotNews,37] - Getting hot news, count: 6
18:04:59.418 [http-nio-8080-exec-42] INFO  c.n.m.u.RedisUtils - [getHotNews,37] - Getting hot news, count: 6
18:05:00.146 [http-nio-8080-exec-49] INFO  c.n.m.u.RedisUtils - [getHotNews,37] - Getting hot news, count: 6
18:05:00.270 [http-nio-8080-exec-51] INFO  c.n.m.u.RedisUtils - [getHotNews,37] - Getting hot news, count: 6
