23:16:55.807 [restartedMain] INFO  c.n.NewsRecApplication - [logStarting,55] - Starting NewsRecApplication using Java 1.8.0_391 on LAPTOP-HELLSP04 with PID 23084 (D:\25\newres-master\newres-master\newsrec\newsrec-admin\target\classes started by 李金博 in D:\25\newres-master\newres-master)
23:16:55.810 [restartedMain] INFO  c.n.NewsRecApplication - [logStartupProfileInfo,686] - The following 1 profile is active: "druid"
23:16:55.816 [background-preinit] INFO  o.h.v.i.util.Version - [<clinit>,21] - HV000001: Hibernate Validator 6.2.5.Final
23:16:58.302 [restartedMain] INFO  o.a.c.h.Http11NioProtocol - [log,173] - Initializing ProtocolHandler ["http-nio-8080"]
23:16:58.308 [restartedMain] INFO  o.a.c.c.StandardService - [log,173] - Starting service [Tomcat]
23:16:58.311 [restartedMain] INFO  o.a.c.c.StandardEngine - [log,173] - Starting Servlet engine: [Apache Tomcat/9.0.96]
23:16:58.406 [restartedMain] INFO  o.a.c.c.C.[.[.[/] - [log,173] - Initializing Spring embedded WebApplicationContext
23:16:59.109 [restartedMain] INFO  c.a.d.p.DruidDataSource - [init,1002] - {dataSource-1} inited
23:16:59.110 [Druid-ConnectionPool-Create-1563429706] INFO  c.a.d.p.DruidAbstractDataSource - [setFailContinuous,1900] - {dataSource-1} failContinuous is true
23:16:59.130 [restartedMain] INFO  o.a.c.c.StandardService - [log,173] - Stopping service [Tomcat]
23:20:17.483 [restartedMain] INFO  c.n.NewsRecApplication - [logStarting,55] - Starting NewsRecApplication using Java 1.8.0_391 on LAPTOP-HELLSP04 with PID 35740 (D:\25\newres-master\newres-master\newsrec\newsrec-admin\target\classes started by 李金博 in D:\25\newres-master\newres-master)
23:20:17.486 [restartedMain] INFO  c.n.NewsRecApplication - [logStartupProfileInfo,686] - The following 1 profile is active: "druid"
23:20:17.489 [background-preinit] INFO  o.h.v.i.util.Version - [<clinit>,21] - HV000001: Hibernate Validator 6.2.5.Final
23:20:19.920 [restartedMain] INFO  o.a.c.h.Http11NioProtocol - [log,173] - Initializing ProtocolHandler ["http-nio-8080"]
23:20:19.925 [restartedMain] INFO  o.a.c.c.StandardService - [log,173] - Starting service [Tomcat]
23:20:19.925 [restartedMain] INFO  o.a.c.c.StandardEngine - [log,173] - Starting Servlet engine: [Apache Tomcat/9.0.96]
23:20:20.020 [restartedMain] INFO  o.a.c.c.C.[.[.[/] - [log,173] - Initializing Spring embedded WebApplicationContext
23:20:20.835 [restartedMain] INFO  c.a.d.p.DruidDataSource - [init,1002] - {dataSource-1} inited
23:20:22.220 [restartedMain] INFO  o.d.x.f.s.c.FileStorageServiceBuilder - [lambda$buildAliyunOssFileStorage$5,325] - 加载阿里云 OSS 存储平台：aliyun-oss-1
23:20:22.872 [restartedMain] INFO  o.q.i.StdSchedulerFactory - [instantiate,1220] - Using default implementation for ThreadExecutor
23:20:22.884 [restartedMain] INFO  o.q.c.SchedulerSignalerImpl - [<init>,61] - Initialized Scheduler Signaller of type: class org.quartz.core.SchedulerSignalerImpl
23:20:22.885 [restartedMain] INFO  o.q.c.QuartzScheduler - [<init>,229] - Quartz Scheduler v.2.3.2 created.
23:20:22.885 [restartedMain] INFO  o.q.s.RAMJobStore - [initialize,155] - RAMJobStore initialized.
23:20:22.886 [restartedMain] INFO  o.q.c.QuartzScheduler - [initialize,294] - Scheduler meta-data: Quartz Scheduler (v2.3.2) 'quartzScheduler' with instanceId 'NON_CLUSTERED'
  Scheduler class: 'org.quartz.core.QuartzScheduler' - running locally.
  NOT STARTED.
  Currently in standby mode.
  Number of jobs executed: 0
  Using thread pool 'org.quartz.simpl.SimpleThreadPool' - with 10 threads.
  Using job-store 'org.quartz.simpl.RAMJobStore' - which does not support persistence. and is not clustered.

23:20:22.886 [restartedMain] INFO  o.q.i.StdSchedulerFactory - [instantiate,1374] - Quartz scheduler 'quartzScheduler' initialized from an externally provided properties instance.
23:20:22.886 [restartedMain] INFO  o.q.i.StdSchedulerFactory - [instantiate,1378] - Quartz scheduler version: 2.3.2
23:20:22.886 [restartedMain] INFO  o.q.c.QuartzScheduler - [setJobFactory,2293] - JobFactory set to: org.springframework.scheduling.quartz.SpringBeanJobFactory@3a6caa4d
23:20:24.811 [restartedMain] INFO  o.a.c.h.Http11NioProtocol - [log,173] - Starting ProtocolHandler ["http-nio-8080"]
23:20:25.067 [restartedMain] INFO  o.q.c.QuartzScheduler - [start,547] - Scheduler quartzScheduler_$_NON_CLUSTERED started.
23:20:25.081 [restartedMain] INFO  c.n.NewsRecApplication - [logStarted,61] - Started NewsRecApplication in 7.95 seconds (JVM running for 9.044)
23:21:21.127 [http-nio-8080-exec-1] INFO  o.a.t.u.h.p.Cookie - [log,173] - A cookie header was received [Hm_lvt_d9c8b87d10717013641458b300c552e4=1749116405,1749129883,1749172685,1749175317;] that contained an invalid cookie. That cookie will be ignored.
 Note: further occurrences of this error will be logged at DEBUG level.
23:21:21.145 [http-nio-8080-exec-1] INFO  o.a.c.c.C.[.[.[/] - [log,173] - Initializing Spring DispatcherServlet 'dispatcherServlet'
23:21:27.640 [schedule-pool-1] INFO  sys-user - [run,55] - [127.0.0.1]内网IP[admin][Success][登录成功]
23:21:28.835 [http-nio-8080-exec-7] INFO  c.n.m.u.RedisUtils - [getHotNews,37] - Getting hot news, count: 6
23:21:32.397 [http-nio-8080-exec-12] INFO  c.n.m.u.RedisUtils - [getHotNews,37] - Getting hot news, count: 6
23:21:55.119 [http-nio-8080-exec-18] INFO  c.n.m.u.RedisUtils - [getHotNews,37] - Getting hot news, count: 6
23:21:55.296 [http-nio-8080-exec-20] INFO  c.n.m.u.RedisUtils - [getHotNews,37] - Getting hot news, count: 6
23:28:29.304 [http-nio-8080-exec-62] INFO  c.n.m.u.RedisUtils - [getHotNews,37] - Getting hot news, count: 6
23:28:29.419 [http-nio-8080-exec-64] INFO  c.n.m.u.RedisUtils - [getHotNews,37] - Getting hot news, count: 6
23:30:00.017 [schedule-pool-2] INFO  c.n.m.u.RedisUtils - [clearHotNews,44] - Clearing hot news data
23:30:00.046 [schedule-pool-2] INFO  c.n.m.u.RedisUtils - [increment,32] - Incrementing key: 1, delta: 2.977337374260409E-172
23:30:00.052 [schedule-pool-2] INFO  c.n.m.u.RedisUtils - [increment,32] - Incrementing key: 2, delta: 0.0
23:30:00.053 [schedule-pool-2] INFO  c.n.m.u.RedisUtils - [increment,32] - Incrementing key: 8, delta: 1.4865462806129608E-168
23:30:00.054 [schedule-pool-2] INFO  c.n.m.u.RedisUtils - [increment,32] - Incrementing key: 10, delta: 1.2304992161935342E-167
23:30:00.055 [schedule-pool-2] INFO  c.n.m.u.RedisUtils - [increment,32] - Incrementing key: 11, delta: 0.0
23:30:00.055 [schedule-pool-2] INFO  c.n.m.u.RedisUtils - [increment,32] - Incrementing key: 12, delta: 6.503157573688555E-168
23:30:00.056 [schedule-pool-2] INFO  c.n.m.u.RedisUtils - [increment,32] - Incrementing key: 15, delta: 2.136907800697172E-167
23:30:00.057 [schedule-pool-2] INFO  c.n.m.u.RedisUtils - [increment,32] - Incrementing key: 16, delta: 8.693171645557195E-168
23:30:00.058 [schedule-pool-2] INFO  c.n.m.u.RedisUtils - [increment,32] - Incrementing key: 19, delta: 3.809276344778262E-168
23:30:00.063 [schedule-pool-2] INFO  c.n.m.u.RedisUtils - [increment,32] - Incrementing key: 23, delta: 1.9685779686594603E-158
23:30:00.064 [schedule-pool-2] INFO  c.n.m.u.RedisUtils - [increment,32] - Incrementing key: 26, delta: 6.983177430862136E-158
23:30:00.065 [schedule-pool-2] INFO  c.n.m.u.RedisUtils - [increment,32] - Incrementing key: 30, delta: 3.363222258332338E-155
23:30:00.065 [schedule-pool-2] INFO  c.n.m.u.RedisUtils - [increment,32] - Incrementing key: 31, delta: 1.3538643091655016E-155
23:30:00.066 [schedule-pool-2] INFO  c.n.m.u.RedisUtils - [increment,32] - Incrementing key: 32, delta: 2.520111806178109E-155
23:30:00.068 [schedule-pool-2] INFO  c.n.m.u.RedisUtils - [increment,32] - Incrementing key: 33, delta: 2.0563482471992085E-152
23:30:00.069 [schedule-pool-2] INFO  c.n.m.u.RedisUtils - [increment,32] - Incrementing key: 34, delta: 6.350448044099936E-153
23:30:00.070 [schedule-pool-2] INFO  c.n.m.u.RedisUtils - [increment,32] - Incrementing key: 35, delta: 1.7490429659187891E-153
23:30:00.071 [schedule-pool-2] INFO  c.n.m.u.RedisUtils - [increment,32] - Incrementing key: 36, delta: 1.7568134363902512E-153
23:30:00.072 [schedule-pool-2] INFO  c.n.m.u.RedisUtils - [increment,32] - Incrementing key: 38, delta: 0.0
23:30:00.074 [schedule-pool-2] INFO  c.n.m.u.RedisUtils - [increment,32] - Incrementing key: 39, delta: 0.0
23:30:00.075 [schedule-pool-2] INFO  c.n.m.u.RedisUtils - [increment,32] - Incrementing key: 43, delta: 0.0
23:30:00.076 [schedule-pool-2] INFO  c.n.m.u.RedisUtils - [increment,32] - Incrementing key: 44, delta: 0.0
23:30:00.077 [schedule-pool-2] INFO  c.n.m.u.RedisUtils - [increment,32] - Incrementing key: 45, delta: 0.0
23:30:00.077 [schedule-pool-2] INFO  c.n.m.u.RedisUtils - [increment,32] - Incrementing key: 46, delta: 1.8109030167568853E-153
23:30:00.078 [schedule-pool-2] INFO  c.n.m.u.RedisUtils - [increment,32] - Incrementing key: 47, delta: 7.872718457970456E-153
23:30:00.079 [schedule-pool-2] INFO  c.n.m.u.RedisUtils - [increment,32] - Incrementing key: 48, delta: 3.6404237779235826E-153
23:33:46.534 [http-nio-8080-exec-81] INFO  c.n.m.u.RedisUtils - [getHotNews,37] - Getting hot news, count: 6
23:33:50.619 [http-nio-8080-exec-86] INFO  c.n.m.u.RedisUtils - [getHotNews,37] - Getting hot news, count: 6
23:33:50.755 [http-nio-8080-exec-88] INFO  c.n.m.u.RedisUtils - [getHotNews,37] - Getting hot news, count: 6
23:34:47.665 [restartedMain] INFO  c.n.NewsRecApplication - [logStarting,55] - Starting NewsRecApplication using Java 1.8.0_391 on LAPTOP-HELLSP04 with PID 10616 (D:\25\newres-master\newres-master\newsrec\newsrec-admin\target\classes started by 李金博 in D:\25\newres-master\newres-master)
23:34:47.667 [restartedMain] INFO  c.n.NewsRecApplication - [logStartupProfileInfo,686] - The following 1 profile is active: "druid"
23:34:47.676 [background-preinit] INFO  o.h.v.i.util.Version - [<clinit>,21] - HV000001: Hibernate Validator 6.2.5.Final
23:34:50.818 [restartedMain] INFO  o.a.c.h.Http11NioProtocol - [log,173] - Initializing ProtocolHandler ["http-nio-8080"]
23:34:50.823 [restartedMain] INFO  o.a.c.c.StandardService - [log,173] - Starting service [Tomcat]
23:34:50.823 [restartedMain] INFO  o.a.c.c.StandardEngine - [log,173] - Starting Servlet engine: [Apache Tomcat/9.0.96]
23:34:50.952 [restartedMain] INFO  o.a.c.c.C.[.[.[/] - [log,173] - Initializing Spring embedded WebApplicationContext
23:34:51.938 [restartedMain] INFO  c.a.d.p.DruidDataSource - [init,1002] - {dataSource-1} inited
23:34:53.748 [restartedMain] INFO  o.d.x.f.s.c.FileStorageServiceBuilder - [lambda$buildAliyunOssFileStorage$5,325] - 加载阿里云 OSS 存储平台：aliyun-oss-1
23:34:54.422 [restartedMain] INFO  o.q.i.StdSchedulerFactory - [instantiate,1220] - Using default implementation for ThreadExecutor
23:34:54.433 [restartedMain] INFO  o.q.c.SchedulerSignalerImpl - [<init>,61] - Initialized Scheduler Signaller of type: class org.quartz.core.SchedulerSignalerImpl
23:34:54.433 [restartedMain] INFO  o.q.c.QuartzScheduler - [<init>,229] - Quartz Scheduler v.2.3.2 created.
23:34:54.433 [restartedMain] INFO  o.q.s.RAMJobStore - [initialize,155] - RAMJobStore initialized.
23:34:54.435 [restartedMain] INFO  o.q.c.QuartzScheduler - [initialize,294] - Scheduler meta-data: Quartz Scheduler (v2.3.2) 'quartzScheduler' with instanceId 'NON_CLUSTERED'
  Scheduler class: 'org.quartz.core.QuartzScheduler' - running locally.
  NOT STARTED.
  Currently in standby mode.
  Number of jobs executed: 0
  Using thread pool 'org.quartz.simpl.SimpleThreadPool' - with 10 threads.
  Using job-store 'org.quartz.simpl.RAMJobStore' - which does not support persistence. and is not clustered.

23:34:54.435 [restartedMain] INFO  o.q.i.StdSchedulerFactory - [instantiate,1374] - Quartz scheduler 'quartzScheduler' initialized from an externally provided properties instance.
23:34:54.435 [restartedMain] INFO  o.q.i.StdSchedulerFactory - [instantiate,1378] - Quartz scheduler version: 2.3.2
23:34:54.435 [restartedMain] INFO  o.q.c.QuartzScheduler - [setJobFactory,2293] - JobFactory set to: org.springframework.scheduling.quartz.SpringBeanJobFactory@52f63d32
23:34:56.545 [restartedMain] INFO  o.a.c.h.Http11NioProtocol - [log,173] - Starting ProtocolHandler ["http-nio-8080"]
23:34:56.788 [restartedMain] INFO  o.q.c.QuartzScheduler - [start,547] - Scheduler quartzScheduler_$_NON_CLUSTERED started.
23:34:56.833 [restartedMain] INFO  c.n.NewsRecApplication - [logStarted,61] - Started NewsRecApplication in 9.619 seconds (JVM running for 11.448)
23:35:03.342 [http-nio-8080-exec-2] INFO  o.a.t.u.h.p.Cookie - [log,173] - A cookie header was received [Hm_lvt_d9c8b87d10717013641458b300c552e4=1749116405,1749129883,1749172685,1749175317;] that contained an invalid cookie. That cookie will be ignored.
 Note: further occurrences of this error will be logged at DEBUG level.
23:35:03.355 [http-nio-8080-exec-2] INFO  o.a.c.c.C.[.[.[/] - [log,173] - Initializing Spring DispatcherServlet 'dispatcherServlet'
23:45:49.532 [restartedMain] INFO  c.n.NewsRecApplication - [logStarting,55] - Starting NewsRecApplication using Java 1.8.0_391 on LAPTOP-HELLSP04 with PID 33040 (D:\25\newres-master\newres-master\newsrec\newsrec-admin\target\classes started by 李金博 in D:\25\newres-master\newres-master)
23:45:49.536 [restartedMain] INFO  c.n.NewsRecApplication - [logStartupProfileInfo,686] - The following 1 profile is active: "druid"
23:45:49.540 [background-preinit] INFO  o.h.v.i.util.Version - [<clinit>,21] - HV000001: Hibernate Validator 6.2.5.Final
23:45:52.338 [restartedMain] INFO  o.a.c.h.Http11NioProtocol - [log,173] - Initializing ProtocolHandler ["http-nio-8080"]
23:45:52.344 [restartedMain] INFO  o.a.c.c.StandardService - [log,173] - Starting service [Tomcat]
23:45:52.344 [restartedMain] INFO  o.a.c.c.StandardEngine - [log,173] - Starting Servlet engine: [Apache Tomcat/9.0.96]
23:45:52.448 [restartedMain] INFO  o.a.c.c.C.[.[.[/] - [log,173] - Initializing Spring embedded WebApplicationContext
23:45:53.350 [restartedMain] INFO  c.a.d.p.DruidDataSource - [init,1002] - {dataSource-1} inited
23:45:54.907 [restartedMain] INFO  o.d.x.f.s.c.FileStorageServiceBuilder - [lambda$buildAliyunOssFileStorage$5,325] - 加载阿里云 OSS 存储平台：aliyun-oss-1
23:45:55.624 [restartedMain] INFO  o.q.i.StdSchedulerFactory - [instantiate,1220] - Using default implementation for ThreadExecutor
23:45:55.633 [restartedMain] INFO  o.q.c.SchedulerSignalerImpl - [<init>,61] - Initialized Scheduler Signaller of type: class org.quartz.core.SchedulerSignalerImpl
23:45:55.634 [restartedMain] INFO  o.q.c.QuartzScheduler - [<init>,229] - Quartz Scheduler v.2.3.2 created.
23:45:55.634 [restartedMain] INFO  o.q.s.RAMJobStore - [initialize,155] - RAMJobStore initialized.
23:45:55.635 [restartedMain] INFO  o.q.c.QuartzScheduler - [initialize,294] - Scheduler meta-data: Quartz Scheduler (v2.3.2) 'quartzScheduler' with instanceId 'NON_CLUSTERED'
  Scheduler class: 'org.quartz.core.QuartzScheduler' - running locally.
  NOT STARTED.
  Currently in standby mode.
  Number of jobs executed: 0
  Using thread pool 'org.quartz.simpl.SimpleThreadPool' - with 10 threads.
  Using job-store 'org.quartz.simpl.RAMJobStore' - which does not support persistence. and is not clustered.

23:45:55.635 [restartedMain] INFO  o.q.i.StdSchedulerFactory - [instantiate,1374] - Quartz scheduler 'quartzScheduler' initialized from an externally provided properties instance.
23:45:55.635 [restartedMain] INFO  o.q.i.StdSchedulerFactory - [instantiate,1378] - Quartz scheduler version: 2.3.2
23:45:55.635 [restartedMain] INFO  o.q.c.QuartzScheduler - [setJobFactory,2293] - JobFactory set to: org.springframework.scheduling.quartz.SpringBeanJobFactory@1706156a
23:45:57.796 [restartedMain] INFO  o.a.c.h.Http11NioProtocol - [log,173] - Starting ProtocolHandler ["http-nio-8080"]
23:45:58.046 [restartedMain] INFO  o.q.c.QuartzScheduler - [start,547] - Scheduler quartzScheduler_$_NON_CLUSTERED started.
23:45:58.061 [restartedMain] INFO  c.n.NewsRecApplication - [logStarted,61] - Started NewsRecApplication in 8.983 seconds (JVM running for 10.277)
23:46:09.343 [http-nio-8080-exec-1] INFO  o.a.t.u.h.p.Cookie - [log,173] - A cookie header was received [Hm_lvt_d9c8b87d10717013641458b300c552e4=1749116405,1749129883,1749172685,1749175317;] that contained an invalid cookie. That cookie will be ignored.
 Note: further occurrences of this error will be logged at DEBUG level.
23:46:09.360 [http-nio-8080-exec-1] INFO  o.a.c.c.C.[.[.[/] - [log,173] - Initializing Spring DispatcherServlet 'dispatcherServlet'
23:47:10.653 [restartedMain] INFO  c.n.NewsRecApplication - [logStarting,55] - Starting NewsRecApplication using Java 1.8.0_391 on LAPTOP-HELLSP04 with PID 36400 (D:\25\newres-master\newres-master\newsrec\newsrec-admin\target\classes started by 李金博 in D:\25\newres-master\newres-master)
23:47:10.656 [restartedMain] INFO  c.n.NewsRecApplication - [logStartupProfileInfo,686] - The following 1 profile is active: "druid"
23:47:10.660 [background-preinit] INFO  o.h.v.i.util.Version - [<clinit>,21] - HV000001: Hibernate Validator 6.2.5.Final
23:47:13.367 [restartedMain] INFO  o.a.c.h.Http11NioProtocol - [log,173] - Initializing ProtocolHandler ["http-nio-8080"]
23:47:13.373 [restartedMain] INFO  o.a.c.c.StandardService - [log,173] - Starting service [Tomcat]
23:47:13.373 [restartedMain] INFO  o.a.c.c.StandardEngine - [log,173] - Starting Servlet engine: [Apache Tomcat/9.0.96]
23:47:13.479 [restartedMain] INFO  o.a.c.c.C.[.[.[/] - [log,173] - Initializing Spring embedded WebApplicationContext
23:47:14.403 [restartedMain] INFO  c.a.d.p.DruidDataSource - [init,1002] - {dataSource-1} inited
23:47:15.967 [restartedMain] INFO  o.d.x.f.s.c.FileStorageServiceBuilder - [lambda$buildAliyunOssFileStorage$5,325] - 加载阿里云 OSS 存储平台：aliyun-oss-1
23:47:16.636 [restartedMain] INFO  o.q.i.StdSchedulerFactory - [instantiate,1220] - Using default implementation for ThreadExecutor
23:47:16.645 [restartedMain] INFO  o.q.c.SchedulerSignalerImpl - [<init>,61] - Initialized Scheduler Signaller of type: class org.quartz.core.SchedulerSignalerImpl
23:47:16.645 [restartedMain] INFO  o.q.c.QuartzScheduler - [<init>,229] - Quartz Scheduler v.2.3.2 created.
23:47:16.645 [restartedMain] INFO  o.q.s.RAMJobStore - [initialize,155] - RAMJobStore initialized.
23:47:16.646 [restartedMain] INFO  o.q.c.QuartzScheduler - [initialize,294] - Scheduler meta-data: Quartz Scheduler (v2.3.2) 'quartzScheduler' with instanceId 'NON_CLUSTERED'
  Scheduler class: 'org.quartz.core.QuartzScheduler' - running locally.
  NOT STARTED.
  Currently in standby mode.
  Number of jobs executed: 0
  Using thread pool 'org.quartz.simpl.SimpleThreadPool' - with 10 threads.
  Using job-store 'org.quartz.simpl.RAMJobStore' - which does not support persistence. and is not clustered.

23:47:16.646 [restartedMain] INFO  o.q.i.StdSchedulerFactory - [instantiate,1374] - Quartz scheduler 'quartzScheduler' initialized from an externally provided properties instance.
23:47:16.646 [restartedMain] INFO  o.q.i.StdSchedulerFactory - [instantiate,1378] - Quartz scheduler version: 2.3.2
23:47:16.646 [restartedMain] INFO  o.q.c.QuartzScheduler - [setJobFactory,2293] - JobFactory set to: org.springframework.scheduling.quartz.SpringBeanJobFactory@7dce3387
23:47:18.606 [restartedMain] INFO  o.a.c.h.Http11NioProtocol - [log,173] - Starting ProtocolHandler ["http-nio-8080"]
23:47:18.847 [restartedMain] INFO  o.q.c.QuartzScheduler - [start,547] - Scheduler quartzScheduler_$_NON_CLUSTERED started.
23:47:18.862 [restartedMain] INFO  c.n.NewsRecApplication - [logStarted,61] - Started NewsRecApplication in 8.59 seconds (JVM running for 9.865)
23:47:37.926 [http-nio-8080-exec-2] INFO  o.a.t.u.h.p.Cookie - [log,173] - A cookie header was received [Hm_lvt_d9c8b87d10717013641458b300c552e4=1749116405,1749129883,1749172685,1749175317;] that contained an invalid cookie. That cookie will be ignored.
 Note: further occurrences of this error will be logged at DEBUG level.
23:47:37.939 [http-nio-8080-exec-2] INFO  o.a.c.c.C.[.[.[/] - [log,173] - Initializing Spring DispatcherServlet 'dispatcherServlet'
23:49:18.416 [restartedMain] INFO  c.n.NewsRecApplication - [logStarting,55] - Starting NewsRecApplication using Java 1.8.0_391 on LAPTOP-HELLSP04 with PID 20740 (D:\25\newres-master\newres-master\newsrec\newsrec-admin\target\classes started by 李金博 in D:\25\newres-master\newres-master)
23:49:18.418 [restartedMain] INFO  c.n.NewsRecApplication - [logStartupProfileInfo,686] - The following 1 profile is active: "druid"
23:49:18.421 [background-preinit] INFO  o.h.v.i.util.Version - [<clinit>,21] - HV000001: Hibernate Validator 6.2.5.Final
23:49:21.288 [restartedMain] INFO  o.a.c.h.Http11NioProtocol - [log,173] - Initializing ProtocolHandler ["http-nio-8080"]
23:49:21.293 [restartedMain] INFO  o.a.c.c.StandardService - [log,173] - Starting service [Tomcat]
23:49:21.293 [restartedMain] INFO  o.a.c.c.StandardEngine - [log,173] - Starting Servlet engine: [Apache Tomcat/9.0.96]
23:49:21.399 [restartedMain] INFO  o.a.c.c.C.[.[.[/] - [log,173] - Initializing Spring embedded WebApplicationContext
23:49:22.363 [restartedMain] INFO  c.a.d.p.DruidDataSource - [init,1002] - {dataSource-1} inited
23:49:23.903 [restartedMain] INFO  o.d.x.f.s.c.FileStorageServiceBuilder - [lambda$buildAliyunOssFileStorage$5,325] - 加载阿里云 OSS 存储平台：aliyun-oss-1
23:49:24.561 [restartedMain] INFO  o.q.i.StdSchedulerFactory - [instantiate,1220] - Using default implementation for ThreadExecutor
23:49:24.571 [restartedMain] INFO  o.q.c.SchedulerSignalerImpl - [<init>,61] - Initialized Scheduler Signaller of type: class org.quartz.core.SchedulerSignalerImpl
23:49:24.572 [restartedMain] INFO  o.q.c.QuartzScheduler - [<init>,229] - Quartz Scheduler v.2.3.2 created.
23:49:24.572 [restartedMain] INFO  o.q.s.RAMJobStore - [initialize,155] - RAMJobStore initialized.
23:49:24.573 [restartedMain] INFO  o.q.c.QuartzScheduler - [initialize,294] - Scheduler meta-data: Quartz Scheduler (v2.3.2) 'quartzScheduler' with instanceId 'NON_CLUSTERED'
  Scheduler class: 'org.quartz.core.QuartzScheduler' - running locally.
  NOT STARTED.
  Currently in standby mode.
  Number of jobs executed: 0
  Using thread pool 'org.quartz.simpl.SimpleThreadPool' - with 10 threads.
  Using job-store 'org.quartz.simpl.RAMJobStore' - which does not support persistence. and is not clustered.

23:49:24.574 [restartedMain] INFO  o.q.i.StdSchedulerFactory - [instantiate,1374] - Quartz scheduler 'quartzScheduler' initialized from an externally provided properties instance.
23:49:24.574 [restartedMain] INFO  o.q.i.StdSchedulerFactory - [instantiate,1378] - Quartz scheduler version: 2.3.2
23:49:24.574 [restartedMain] INFO  o.q.c.QuartzScheduler - [setJobFactory,2293] - JobFactory set to: org.springframework.scheduling.quartz.SpringBeanJobFactory@c7f56f4
23:49:26.617 [restartedMain] INFO  o.a.c.h.Http11NioProtocol - [log,173] - Starting ProtocolHandler ["http-nio-8080"]
23:49:26.880 [restartedMain] INFO  o.q.c.QuartzScheduler - [start,547] - Scheduler quartzScheduler_$_NON_CLUSTERED started.
23:49:26.895 [restartedMain] INFO  c.n.NewsRecApplication - [logStarted,61] - Started NewsRecApplication in 8.888 seconds (JVM running for 10.139)
23:49:31.524 [http-nio-8080-exec-1] INFO  o.a.t.u.h.p.Cookie - [log,173] - A cookie header was received [Hm_lvt_d9c8b87d10717013641458b300c552e4=1749116405,1749129883,1749172685,1749175317;] that contained an invalid cookie. That cookie will be ignored.
 Note: further occurrences of this error will be logged at DEBUG level.
23:49:31.538 [http-nio-8080-exec-1] INFO  o.a.c.c.C.[.[.[/] - [log,173] - Initializing Spring DispatcherServlet 'dispatcherServlet'
23:50:44.694 [restartedMain] INFO  c.n.NewsRecApplication - [logStarting,55] - Starting NewsRecApplication using Java 1.8.0_391 on LAPTOP-HELLSP04 with PID 32360 (D:\25\newres-master\newres-master\newsrec\newsrec-admin\target\classes started by 李金博 in D:\25\newres-master\newres-master)
23:50:44.698 [restartedMain] INFO  c.n.NewsRecApplication - [logStartupProfileInfo,686] - The following 1 profile is active: "druid"
23:50:44.702 [background-preinit] INFO  o.h.v.i.util.Version - [<clinit>,21] - HV000001: Hibernate Validator 6.2.5.Final
23:50:47.365 [restartedMain] INFO  o.a.c.h.Http11NioProtocol - [log,173] - Initializing ProtocolHandler ["http-nio-8080"]
23:50:47.372 [restartedMain] INFO  o.a.c.c.StandardService - [log,173] - Starting service [Tomcat]
23:50:47.372 [restartedMain] INFO  o.a.c.c.StandardEngine - [log,173] - Starting Servlet engine: [Apache Tomcat/9.0.96]
23:50:47.474 [restartedMain] INFO  o.a.c.c.C.[.[.[/] - [log,173] - Initializing Spring embedded WebApplicationContext
23:50:48.394 [restartedMain] INFO  c.a.d.p.DruidDataSource - [init,1002] - {dataSource-1} inited
23:50:49.986 [restartedMain] INFO  o.d.x.f.s.c.FileStorageServiceBuilder - [lambda$buildAliyunOssFileStorage$5,325] - 加载阿里云 OSS 存储平台：aliyun-oss-1
23:50:50.662 [restartedMain] INFO  o.q.i.StdSchedulerFactory - [instantiate,1220] - Using default implementation for ThreadExecutor
23:50:50.672 [restartedMain] INFO  o.q.c.SchedulerSignalerImpl - [<init>,61] - Initialized Scheduler Signaller of type: class org.quartz.core.SchedulerSignalerImpl
23:50:50.672 [restartedMain] INFO  o.q.c.QuartzScheduler - [<init>,229] - Quartz Scheduler v.2.3.2 created.
23:50:50.673 [restartedMain] INFO  o.q.s.RAMJobStore - [initialize,155] - RAMJobStore initialized.
23:50:50.673 [restartedMain] INFO  o.q.c.QuartzScheduler - [initialize,294] - Scheduler meta-data: Quartz Scheduler (v2.3.2) 'quartzScheduler' with instanceId 'NON_CLUSTERED'
  Scheduler class: 'org.quartz.core.QuartzScheduler' - running locally.
  NOT STARTED.
  Currently in standby mode.
  Number of jobs executed: 0
  Using thread pool 'org.quartz.simpl.SimpleThreadPool' - with 10 threads.
  Using job-store 'org.quartz.simpl.RAMJobStore' - which does not support persistence. and is not clustered.

23:50:50.674 [restartedMain] INFO  o.q.i.StdSchedulerFactory - [instantiate,1374] - Quartz scheduler 'quartzScheduler' initialized from an externally provided properties instance.
23:50:50.674 [restartedMain] INFO  o.q.i.StdSchedulerFactory - [instantiate,1378] - Quartz scheduler version: 2.3.2
23:50:50.674 [restartedMain] INFO  o.q.c.QuartzScheduler - [setJobFactory,2293] - JobFactory set to: org.springframework.scheduling.quartz.SpringBeanJobFactory@13c72254
23:50:52.639 [restartedMain] INFO  o.a.c.h.Http11NioProtocol - [log,173] - Starting ProtocolHandler ["http-nio-8080"]
23:50:52.881 [restartedMain] INFO  o.q.c.QuartzScheduler - [start,547] - Scheduler quartzScheduler_$_NON_CLUSTERED started.
23:50:52.895 [restartedMain] INFO  c.n.NewsRecApplication - [logStarted,61] - Started NewsRecApplication in 8.585 seconds (JVM running for 9.832)
23:50:58.683 [http-nio-8080-exec-1] INFO  o.a.t.u.h.p.Cookie - [log,173] - A cookie header was received [Hm_lvt_d9c8b87d10717013641458b300c552e4=1749116405,1749129883,1749172685,1749175317;] that contained an invalid cookie. That cookie will be ignored.
 Note: further occurrences of this error will be logged at DEBUG level.
23:50:58.700 [http-nio-8080-exec-1] INFO  o.a.c.c.C.[.[.[/] - [log,173] - Initializing Spring DispatcherServlet 'dispatcherServlet'
23:51:15.628 [http-nio-8080-exec-5] INFO  c.n.m.u.RedisUtils - [getHotNews,37] - Getting hot news, count: 6
23:51:15.886 [http-nio-8080-exec-11] INFO  c.n.m.u.RedisUtils - [getHotNews,37] - Getting hot news, count: 6
23:56:15.631 [restartedMain] INFO  c.n.NewsRecApplication - [logStarting,55] - Starting NewsRecApplication using Java 1.8.0_391 on LAPTOP-HELLSP04 with PID 2172 (D:\25\newres-master\newres-master\newsrec\newsrec-admin\target\classes started by 李金博 in D:\25\newres-master\newres-master)
23:56:15.634 [restartedMain] INFO  c.n.NewsRecApplication - [logStartupProfileInfo,686] - The following 1 profile is active: "druid"
23:56:15.640 [background-preinit] INFO  o.h.v.i.util.Version - [<clinit>,21] - HV000001: Hibernate Validator 6.2.5.Final
23:56:18.392 [restartedMain] INFO  o.a.c.h.Http11NioProtocol - [log,173] - Initializing ProtocolHandler ["http-nio-8080"]
23:56:18.398 [restartedMain] INFO  o.a.c.c.StandardService - [log,173] - Starting service [Tomcat]
23:56:18.398 [restartedMain] INFO  o.a.c.c.StandardEngine - [log,173] - Starting Servlet engine: [Apache Tomcat/9.0.96]
23:56:18.509 [restartedMain] INFO  o.a.c.c.C.[.[.[/] - [log,173] - Initializing Spring embedded WebApplicationContext
23:56:19.428 [restartedMain] INFO  c.a.d.p.DruidDataSource - [init,1002] - {dataSource-1} inited
23:56:21.001 [restartedMain] INFO  o.d.x.f.s.c.FileStorageServiceBuilder - [lambda$buildAliyunOssFileStorage$5,325] - 加载阿里云 OSS 存储平台：aliyun-oss-1
23:56:21.743 [restartedMain] INFO  o.q.i.StdSchedulerFactory - [instantiate,1220] - Using default implementation for ThreadExecutor
23:56:21.753 [restartedMain] INFO  o.q.c.SchedulerSignalerImpl - [<init>,61] - Initialized Scheduler Signaller of type: class org.quartz.core.SchedulerSignalerImpl
23:56:21.753 [restartedMain] INFO  o.q.c.QuartzScheduler - [<init>,229] - Quartz Scheduler v.2.3.2 created.
23:56:21.754 [restartedMain] INFO  o.q.s.RAMJobStore - [initialize,155] - RAMJobStore initialized.
23:56:21.755 [restartedMain] INFO  o.q.c.QuartzScheduler - [initialize,294] - Scheduler meta-data: Quartz Scheduler (v2.3.2) 'quartzScheduler' with instanceId 'NON_CLUSTERED'
  Scheduler class: 'org.quartz.core.QuartzScheduler' - running locally.
  NOT STARTED.
  Currently in standby mode.
  Number of jobs executed: 0
  Using thread pool 'org.quartz.simpl.SimpleThreadPool' - with 10 threads.
  Using job-store 'org.quartz.simpl.RAMJobStore' - which does not support persistence. and is not clustered.

23:56:21.755 [restartedMain] INFO  o.q.i.StdSchedulerFactory - [instantiate,1374] - Quartz scheduler 'quartzScheduler' initialized from an externally provided properties instance.
23:56:21.755 [restartedMain] INFO  o.q.i.StdSchedulerFactory - [instantiate,1378] - Quartz scheduler version: 2.3.2
23:56:21.755 [restartedMain] INFO  o.q.c.QuartzScheduler - [setJobFactory,2293] - JobFactory set to: org.springframework.scheduling.quartz.SpringBeanJobFactory@48a967a6
23:56:23.711 [restartedMain] INFO  o.a.c.h.Http11NioProtocol - [log,173] - Starting ProtocolHandler ["http-nio-8080"]
23:56:23.999 [restartedMain] INFO  o.q.c.QuartzScheduler - [start,547] - Scheduler quartzScheduler_$_NON_CLUSTERED started.
23:56:24.017 [restartedMain] INFO  c.n.NewsRecApplication - [logStarted,61] - Started NewsRecApplication in 8.777 seconds (JVM running for 10.057)
23:56:32.717 [http-nio-8080-exec-1] INFO  o.a.t.u.h.p.Cookie - [log,173] - A cookie header was received [Hm_lvt_d9c8b87d10717013641458b300c552e4=1749116405,1749129883,1749172685,1749175317;] that contained an invalid cookie. That cookie will be ignored.
 Note: further occurrences of this error will be logged at DEBUG level.
23:56:32.730 [http-nio-8080-exec-1] INFO  o.a.c.c.C.[.[.[/] - [log,173] - Initializing Spring DispatcherServlet 'dispatcherServlet'
23:56:37.445 [http-nio-8080-exec-3] INFO  c.n.m.u.RedisUtils - [getHotNews,37] - Getting hot news, count: 6
23:56:37.768 [http-nio-8080-exec-4] INFO  c.n.m.u.RedisUtils - [getHotNews,37] - Getting hot news, count: 6
23:56:43.264 [http-nio-8080-exec-15] INFO  c.n.m.u.RedisUtils - [getHotNews,37] - Getting hot news, count: 6
